{"/home/runner/work/EGTSports/EGTSports/src/App.js": {"path":"/home/runner/work/EGTSports/EGTSports/src/App.js","statementMap":{"0":{"start":{"line":19,"column":23},"end":{"line":19,"column":111}},"1":{"start":{"line":21,"column":25},"end":{"line":21,"column":158}},"2":{"start":{"line":21,"column":69},"end":{"line":21,"column":95}},"3":{"start":{"line":21,"column":112},"end":{"line":21,"column":157}},"4":{"start":{"line":23,"column":25},"end":{"line":23,"column":132}},"5":{"start":{"line":23,"column":52},"end":{"line":23,"column":131}},"6":{"start":{"line":25,"column":4},"end":{"line":60,"column":6}},"7":{"start":{"line":31,"column":24},"end":{"line":38,"column":33}},"8":{"start":{"line":34,"column":43},"end":{"line":34,"column":63}},"9":{"start":{"line":44,"column":43},"end":{"line":44,"column":69}},"10":{"start":{"line":64,"column":23},"end":{"line":64,"column":111}},"11":{"start":{"line":65,"column":25},"end":{"line":65,"column":158}},"12":{"start":{"line":65,"column":69},"end":{"line":65,"column":95}},"13":{"start":{"line":65,"column":112},"end":{"line":65,"column":157}},"14":{"start":{"line":66,"column":25},"end":{"line":66,"column":132}},"15":{"start":{"line":66,"column":52},"end":{"line":66,"column":131}},"16":{"start":{"line":68,"column":4},"end":{"line":89,"column":6}},"17":{"start":{"line":71,"column":16},"end":{"line":77,"column":25}},"18":{"start":{"line":74,"column":35},"end":{"line":74,"column":55}},"19":{"start":{"line":83,"column":35},"end":{"line":83,"column":61}},"20":{"start":{"line":93,"column":27},"end":{"line":100,"column":1}},"21":{"start":{"line":103,"column":28},"end":{"line":113,"column":1}},"22":{"start":{"line":104,"column":21},"end":{"line":111,"column":3}},"23":{"start":{"line":112,"column":2},"end":{"line":112,"column":36}},"24":{"start":{"line":117,"column":29},"end":{"line":129,"column":1}},"25":{"start":{"line":118,"column":15},"end":{"line":118,"column":17}},"26":{"start":{"line":119,"column":16},"end":{"line":119,"column":26}},"27":{"start":{"line":121,"column":2},"end":{"line":126,"column":3}},"28":{"start":{"line":121,"column":15},"end":{"line":121,"column":17}},"29":{"start":{"line":122,"column":17},"end":{"line":122,"column":32}},"30":{"start":{"line":123,"column":4},"end":{"line":123,"column":37}},"31":{"start":{"line":124,"column":20},"end":{"line":124,"column":70}},"32":{"start":{"line":125,"column":4},"end":{"line":125,"column":45}},"33":{"start":{"line":128,"column":2},"end":{"line":128,"column":14}},"34":{"start":{"line":132,"column":21},"end":{"line":132,"column":55}},"35":{"start":{"line":133,"column":26},"end":{"line":133,"column":59}},"36":{"start":{"line":134,"column":30},"end":{"line":134,"column":34}},"37":{"start":{"line":136,"column":28},"end":{"line":143,"column":1}},"38":{"start":{"line":145,"column":33},"end":{"line":145,"column":51}},"39":{"start":{"line":147,"column":23},"end":{"line":147,"column":41}},"40":{"start":{"line":148,"column":42},"end":{"line":148,"column":60}},"41":{"start":{"line":149,"column":32},"end":{"line":149,"column":51}},"42":{"start":{"line":151,"column":18},"end":{"line":151,"column":20}},"43":{"start":{"line":152,"column":21},"end":{"line":152,"column":23}},"44":{"start":{"line":154,"column":19},"end":{"line":160,"column":1}},"45":{"start":{"line":162,"column":23},"end":{"line":170,"column":1}},"46":{"start":{"line":172,"column":12},"end":{"line":172,"column":41}},"47":{"start":{"line":173,"column":17},"end":{"line":173,"column":33}},"48":{"start":{"line":174,"column":13},"end":{"line":174,"column":25}},"49":{"start":{"line":176,"column":16},"end":{"line":176,"column":60}},"50":{"start":{"line":177,"column":16},"end":{"line":177,"column":62}},"51":{"start":{"line":178,"column":25},"end":{"line":178,"column":184}},"52":{"start":{"line":180,"column":20},"end":{"line":193,"column":1}},"53":{"start":{"line":181,"column":2},"end":{"line":192,"column":3}},"54":{"start":{"line":182,"column":21},"end":{"line":182,"column":56}},"55":{"start":{"line":183,"column":4},"end":{"line":189,"column":7}},"56":{"start":{"line":191,"column":4},"end":{"line":191,"column":53}},"57":{"start":{"line":195,"column":20},"end":{"line":205,"column":1}},"58":{"start":{"line":196,"column":26},"end":{"line":196,"column":82}},"59":{"start":{"line":197,"column":2},"end":{"line":204,"column":4}},"60":{"start":{"line":207,"column":31},"end":{"line":236,"column":1}},"61":{"start":{"line":208,"column":2},"end":{"line":235,"column":3}},"62":{"start":{"line":209,"column":25},"end":{"line":216,"column":5}},"63":{"start":{"line":218,"column":21},"end":{"line":227,"column":6}},"64":{"start":{"line":229,"column":4},"end":{"line":231,"column":5}},"65":{"start":{"line":230,"column":6},"end":{"line":230,"column":92}},"66":{"start":{"line":234,"column":4},"end":{"line":234,"column":53}},"67":{"start":{"line":238,"column":28},"end":{"line":250,"column":1}},"68":{"start":{"line":239,"column":22},"end":{"line":248,"column":3}},"69":{"start":{"line":249,"column":2},"end":{"line":249,"column":37}},"70":{"start":{"line":253,"column":48},"end":{"line":253,"column":63}},"71":{"start":{"line":254,"column":42},"end":{"line":254,"column":57}},"72":{"start":{"line":255,"column":34},"end":{"line":255,"column":57}},"73":{"start":{"line":257,"column":2},"end":{"line":262,"column":9}},"74":{"start":{"line":258,"column":21},"end":{"line":260,"column":12}},"75":{"start":{"line":259,"column":6},"end":{"line":259,"column":33}},"76":{"start":{"line":261,"column":4},"end":{"line":261,"column":41}},"77":{"start":{"line":261,"column":17},"end":{"line":261,"column":40}},"78":{"start":{"line":264,"column":26},"end":{"line":322,"column":13}},"79":{"start":{"line":265,"column":4},"end":{"line":267,"column":5}},"80":{"start":{"line":266,"column":6},"end":{"line":266,"column":93}},"81":{"start":{"line":269,"column":4},"end":{"line":271,"column":5}},"82":{"start":{"line":270,"column":6},"end":{"line":270,"column":48}},"83":{"start":{"line":273,"column":15},"end":{"line":273,"column":16}},"84":{"start":{"line":274,"column":17},"end":{"line":274,"column":18}},"85":{"start":{"line":275,"column":18},"end":{"line":275,"column":19}},"86":{"start":{"line":277,"column":4},"end":{"line":316,"column":7}},"87":{"start":{"line":278,"column":19},"end":{"line":278,"column":60}},"88":{"start":{"line":278,"column":35},"end":{"line":278,"column":59}},"89":{"start":{"line":279,"column":6},"end":{"line":282,"column":7}},"90":{"start":{"line":280,"column":8},"end":{"line":280,"column":18}},"91":{"start":{"line":281,"column":8},"end":{"line":281,"column":15}},"92":{"start":{"line":284,"column":6},"end":{"line":315,"column":7}},"93":{"start":{"line":285,"column":26},"end":{"line":285,"column":50}},"94":{"start":{"line":286,"column":26},"end":{"line":286,"column":50}},"95":{"start":{"line":287,"column":23},"end":{"line":287,"column":46}},"96":{"start":{"line":288,"column":18},"end":{"line":288,"column":23}},"97":{"start":{"line":290,"column":8},"end":{"line":296,"column":9}},"98":{"start":{"line":291,"column":32},"end":{"line":291,"column":50}},"99":{"start":{"line":292,"column":10},"end":{"line":292,"column":42}},"100":{"start":{"line":294,"column":32},"end":{"line":294,"column":50}},"101":{"start":{"line":295,"column":10},"end":{"line":295,"column":42}},"102":{"start":{"line":298,"column":8},"end":{"line":299,"column":22}},"103":{"start":{"line":298,"column":17},"end":{"line":298,"column":24}},"104":{"start":{"line":299,"column":13},"end":{"line":299,"column":22}},"105":{"start":{"line":300,"column":13},"end":{"line":315,"column":7}},"106":{"start":{"line":301,"column":26},"end":{"line":301,"column":50}},"107":{"start":{"line":302,"column":26},"end":{"line":302,"column":50}},"108":{"start":{"line":303,"column":27},"end":{"line":303,"column":48}},"109":{"start":{"line":304,"column":22},"end":{"line":304,"column":44}},"110":{"start":{"line":305,"column":18},"end":{"line":305,"column":23}},"111":{"start":{"line":307,"column":8},"end":{"line":311,"column":9}},"112":{"start":{"line":308,"column":10},"end":{"line":308,"column":35}},"113":{"start":{"line":310,"column":10},"end":{"line":310,"column":35}},"114":{"start":{"line":313,"column":8},"end":{"line":314,"column":22}},"115":{"start":{"line":313,"column":17},"end":{"line":313,"column":24}},"116":{"start":{"line":314,"column":13},"end":{"line":314,"column":22}},"117":{"start":{"line":318,"column":29},"end":{"line":318,"column":42}},"118":{"start":{"line":319,"column":22},"end":{"line":319,"column":90}},"119":{"start":{"line":321,"column":4},"end":{"line":321,"column":66}},"120":{"start":{"line":324,"column":2},"end":{"line":346,"column":44}},"121":{"start":{"line":325,"column":4},"end":{"line":325,"column":60}},"122":{"start":{"line":325,"column":53},"end":{"line":325,"column":60}},"123":{"start":{"line":327,"column":4},"end":{"line":345,"column":7}},"124":{"start":{"line":328,"column":6},"end":{"line":328,"column":87}},"125":{"start":{"line":328,"column":80},"end":{"line":328,"column":87}},"126":{"start":{"line":330,"column":21},"end":{"line":330,"column":48}},"127":{"start":{"line":332,"column":31},"end":{"line":332,"column":92}},"128":{"start":{"line":333,"column":27},"end":{"line":333,"column":92}},"129":{"start":{"line":335,"column":6},"end":{"line":344,"column":7}},"130":{"start":{"line":336,"column":23},"end":{"line":336,"column":56}},"131":{"start":{"line":337,"column":8},"end":{"line":337,"column":104}},"132":{"start":{"line":339,"column":8},"end":{"line":343,"column":12}},"133":{"start":{"line":348,"column":31},"end":{"line":369,"column":3}},"134":{"start":{"line":349,"column":4},"end":{"line":368,"column":5}},"135":{"start":{"line":350,"column":6},"end":{"line":350,"column":25}},"136":{"start":{"line":351,"column":26},"end":{"line":351,"column":28}},"137":{"start":{"line":352,"column":6},"end":{"line":361,"column":9}},"138":{"start":{"line":353,"column":8},"end":{"line":360,"column":10}},"139":{"start":{"line":362,"column":6},"end":{"line":362,"column":64}},"140":{"start":{"line":363,"column":6},"end":{"line":363,"column":70}},"141":{"start":{"line":364,"column":6},"end":{"line":364,"column":26}},"142":{"start":{"line":366,"column":6},"end":{"line":366,"column":57}},"143":{"start":{"line":367,"column":6},"end":{"line":367,"column":26}},"144":{"start":{"line":371,"column":23},"end":{"line":379,"column":3}},"145":{"start":{"line":372,"column":4},"end":{"line":378,"column":6}},"146":{"start":{"line":373,"column":6},"end":{"line":377,"column":7}},"147":{"start":{"line":374,"column":8},"end":{"line":376,"column":16}},"148":{"start":{"line":381,"column":26},"end":{"line":389,"column":3}},"149":{"start":{"line":382,"column":4},"end":{"line":388,"column":6}},"150":{"start":{"line":383,"column":6},"end":{"line":387,"column":7}},"151":{"start":{"line":384,"column":8},"end":{"line":386,"column":16}},"152":{"start":{"line":391,"column":22},"end":{"line":399,"column":3}},"153":{"start":{"line":392,"column":4},"end":{"line":398,"column":6}},"154":{"start":{"line":393,"column":6},"end":{"line":397,"column":7}},"155":{"start":{"line":394,"column":8},"end":{"line":396,"column":16}},"156":{"start":{"line":401,"column":4},"end":{"line":452,"column":3}},"157":{"start":{"line":402,"column":4},"end":{"line":451,"column":6}},"158":{"start":{"line":408,"column":67},"end":{"line":408,"column":89}},"159":{"start":{"line":437,"column":14},"end":{"line":440,"column":20}},"160":{"start":{"line":454,"column":2},"end":{"line":529,"column":3}},"161":{"start":{"line":455,"column":4},"end":{"line":528,"column":6}},"162":{"start":{"line":461,"column":67},"end":{"line":461,"column":92}},"163":{"start":{"line":470,"column":29},"end":{"line":470,"column":49}},"164":{"start":{"line":471,"column":14},"end":{"line":523,"column":16}},"165":{"start":{"line":531,"column":2},"end":{"line":594,"column":4}},"166":{"start":{"line":539,"column":62},"end":{"line":539,"column":83}},"167":{"start":{"line":542,"column":65},"end":{"line":542,"column":89}},"168":{"start":{"line":549,"column":10},"end":{"line":585,"column":16}},"169":{"start":{"line":565,"column":74},"end":{"line":565,"column":119}},"170":{"start":{"line":569,"column":74},"end":{"line":569,"column":119}},"171":{"start":{"line":573,"column":77},"end":{"line":573,"column":125}},"172":{"start":{"line":574,"column":77},"end":{"line":574,"column":125}},"173":{"start":{"line":581,"column":33},"end":{"line":581,"column":69}},"174":{"start":{"line":598,"column":17},"end":{"line":605,"column":3}},"175":{"start":{"line":607,"column":2},"end":{"line":705,"column":4}},"176":{"start":{"line":673,"column":14},"end":{"line":699,"column":23}},"177":{"start":{"line":676,"column":31},"end":{"line":676,"column":75}},"178":{"start":{"line":709,"column":36},"end":{"line":783,"column":3}},"179":{"start":{"line":710,"column":4},"end":{"line":712,"column":5}},"180":{"start":{"line":711,"column":6},"end":{"line":711,"column":48}},"181":{"start":{"line":714,"column":15},"end":{"line":714,"column":16}},"182":{"start":{"line":715,"column":17},"end":{"line":715,"column":18}},"183":{"start":{"line":716,"column":18},"end":{"line":716,"column":19}},"184":{"start":{"line":718,"column":4},"end":{"line":777,"column":7}},"185":{"start":{"line":719,"column":17},"end":{"line":719,"column":21}},"186":{"start":{"line":722,"column":6},"end":{"line":725,"column":7}},"187":{"start":{"line":723,"column":8},"end":{"line":723,"column":74}},"188":{"start":{"line":723,"column":48},"end":{"line":723,"column":72}},"189":{"start":{"line":724,"column":8},"end":{"line":724,"column":24}},"190":{"start":{"line":724,"column":18},"end":{"line":724,"column":24}},"191":{"start":{"line":727,"column":6},"end":{"line":730,"column":7}},"192":{"start":{"line":728,"column":8},"end":{"line":728,"column":18}},"193":{"start":{"line":729,"column":8},"end":{"line":729,"column":15}},"194":{"start":{"line":732,"column":6},"end":{"line":776,"column":7}},"195":{"start":{"line":733,"column":26},"end":{"line":733,"column":53}},"196":{"start":{"line":734,"column":26},"end":{"line":734,"column":53}},"197":{"start":{"line":735,"column":23},"end":{"line":735,"column":46}},"198":{"start":{"line":736,"column":18},"end":{"line":736,"column":23}},"199":{"start":{"line":738,"column":8},"end":{"line":744,"column":9}},"200":{"start":{"line":739,"column":32},"end":{"line":739,"column":50}},"201":{"start":{"line":740,"column":10},"end":{"line":740,"column":42}},"202":{"start":{"line":742,"column":32},"end":{"line":742,"column":50}},"203":{"start":{"line":743,"column":10},"end":{"line":743,"column":42}},"204":{"start":{"line":746,"column":8},"end":{"line":747,"column":22}},"205":{"start":{"line":746,"column":17},"end":{"line":746,"column":24}},"206":{"start":{"line":747,"column":13},"end":{"line":747,"column":22}},"207":{"start":{"line":748,"column":13},"end":{"line":776,"column":7}},"208":{"start":{"line":749,"column":26},"end":{"line":749,"column":53}},"209":{"start":{"line":750,"column":26},"end":{"line":750,"column":53}},"210":{"start":{"line":751,"column":27},"end":{"line":751,"column":48}},"211":{"start":{"line":752,"column":22},"end":{"line":752,"column":44}},"212":{"start":{"line":753,"column":18},"end":{"line":753,"column":23}},"213":{"start":{"line":755,"column":8},"end":{"line":759,"column":9}},"214":{"start":{"line":756,"column":10},"end":{"line":756,"column":35}},"215":{"start":{"line":758,"column":10},"end":{"line":758,"column":35}},"216":{"start":{"line":761,"column":8},"end":{"line":762,"column":22}},"217":{"start":{"line":761,"column":17},"end":{"line":761,"column":24}},"218":{"start":{"line":762,"column":13},"end":{"line":762,"column":22}},"219":{"start":{"line":763,"column":13},"end":{"line":776,"column":7}},"220":{"start":{"line":764,"column":26},"end":{"line":764,"column":53}},"221":{"start":{"line":765,"column":26},"end":{"line":765,"column":53}},"222":{"start":{"line":766,"column":18},"end":{"line":766,"column":23}},"223":{"start":{"line":768,"column":8},"end":{"line":772,"column":9}},"224":{"start":{"line":769,"column":10},"end":{"line":769,"column":38}},"225":{"start":{"line":771,"column":10},"end":{"line":771,"column":38}},"226":{"start":{"line":774,"column":8},"end":{"line":775,"column":22}},"227":{"start":{"line":774,"column":17},"end":{"line":774,"column":24}},"228":{"start":{"line":775,"column":13},"end":{"line":775,"column":22}},"229":{"start":{"line":779,"column":29},"end":{"line":779,"column":42}},"230":{"start":{"line":780,"column":22},"end":{"line":780,"column":90}},"231":{"start":{"line":782,"column":4},"end":{"line":782,"column":66}},"232":{"start":{"line":785,"column":30},"end":{"line":797,"column":3}},"233":{"start":{"line":786,"column":24},"end":{"line":795,"column":5}},"234":{"start":{"line":796,"column":4},"end":{"line":796,"column":39}},"235":{"start":{"line":799,"column":2},"end":{"line":897,"column":4}},"236":{"start":{"line":815,"column":27},"end":{"line":815,"column":57}},"237":{"start":{"line":816,"column":12},"end":{"line":892,"column":14}},"238":{"start":{"line":877,"column":22},"end":{"line":887,"column":28}},"239":{"start":{"line":901,"column":44},"end":{"line":901,"column":56}},"240":{"start":{"line":902,"column":50},"end":{"line":902,"column":65}},"241":{"start":{"line":903,"column":42},"end":{"line":903,"column":54}},"242":{"start":{"line":904,"column":42},"end":{"line":904,"column":57}},"243":{"start":{"line":905,"column":40},"end":{"line":905,"column":88}},"244":{"start":{"line":906,"column":58},"end":{"line":906,"column":70}},"245":{"start":{"line":907,"column":40},"end":{"line":907,"column":52}},"246":{"start":{"line":908,"column":42},"end":{"line":908,"column":57}},"247":{"start":{"line":909,"column":30},"end":{"line":909,"column":47}},"248":{"start":{"line":911,"column":38},"end":{"line":916,"column":3}},"249":{"start":{"line":912,"column":4},"end":{"line":914,"column":5}},"250":{"start":{"line":913,"column":6},"end":{"line":913,"column":34}},"251":{"start":{"line":915,"column":4},"end":{"line":915,"column":42}},"252":{"start":{"line":918,"column":29},"end":{"line":971,"column":3}},"253":{"start":{"line":919,"column":21},"end":{"line":919,"column":22}},"254":{"start":{"line":920,"column":26},"end":{"line":920,"column":27}},"255":{"start":{"line":922,"column":4},"end":{"line":964,"column":5}},"256":{"start":{"line":923,"column":6},"end":{"line":956,"column":9}},"257":{"start":{"line":924,"column":21},"end":{"line":924,"column":34}},"258":{"start":{"line":925,"column":19},"end":{"line":925,"column":51}},"259":{"start":{"line":925,"column":35},"end":{"line":925,"column":50}},"260":{"start":{"line":926,"column":8},"end":{"line":931,"column":9}},"261":{"start":{"line":927,"column":10},"end":{"line":930,"column":11}},"262":{"start":{"line":928,"column":12},"end":{"line":928,"column":68}},"263":{"start":{"line":928,"column":51},"end":{"line":928,"column":66}},"264":{"start":{"line":929,"column":12},"end":{"line":929,"column":28}},"265":{"start":{"line":929,"column":22},"end":{"line":929,"column":28}},"266":{"start":{"line":932,"column":8},"end":{"line":932,"column":26}},"267":{"start":{"line":932,"column":19},"end":{"line":932,"column":26}},"268":{"start":{"line":934,"column":28},"end":{"line":943,"column":9}},"269":{"start":{"line":935,"column":25},"end":{"line":935,"column":48}},"270":{"start":{"line":936,"column":24},"end":{"line":936,"column":69}},"271":{"start":{"line":937,"column":10},"end":{"line":942,"column":11}},"272":{"start":{"line":938,"column":12},"end":{"line":938,"column":32}},"273":{"start":{"line":939,"column":25},"end":{"line":939,"column":42}},"274":{"start":{"line":940,"column":27},"end":{"line":940,"column":67}},"275":{"start":{"line":941,"column":12},"end":{"line":941,"column":46}},"276":{"start":{"line":945,"column":8},"end":{"line":948,"column":9}},"277":{"start":{"line":946,"column":23},"end":{"line":946,"column":87}},"278":{"start":{"line":947,"column":10},"end":{"line":947,"column":38}},"279":{"start":{"line":949,"column":8},"end":{"line":952,"column":9}},"280":{"start":{"line":950,"column":24},"end":{"line":950,"column":88}},"281":{"start":{"line":951,"column":11},"end":{"line":951,"column":39}},"282":{"start":{"line":953,"column":8},"end":{"line":955,"column":9}},"283":{"start":{"line":954,"column":10},"end":{"line":954,"column":37}},"284":{"start":{"line":958,"column":6},"end":{"line":958,"column":52}},"285":{"start":{"line":959,"column":6},"end":{"line":963,"column":7}},"286":{"start":{"line":960,"column":26},"end":{"line":960,"column":135}},"287":{"start":{"line":960,"column":66},"end":{"line":960,"column":131}},"288":{"start":{"line":961,"column":27},"end":{"line":961,"column":57}},"289":{"start":{"line":962,"column":8},"end":{"line":962,"column":50}},"290":{"start":{"line":966,"column":4},"end":{"line":970,"column":6}},"291":{"start":{"line":973,"column":31},"end":{"line":978,"column":3}},"292":{"start":{"line":974,"column":6},"end":{"line":974,"column":116}},"293":{"start":{"line":980,"column":2},"end":{"line":996,"column":9}},"294":{"start":{"line":981,"column":19},"end":{"line":981,"column":68}},"295":{"start":{"line":982,"column":4},"end":{"line":982,"column":51}},"296":{"start":{"line":982,"column":16},"end":{"line":982,"column":51}},"297":{"start":{"line":984,"column":27},"end":{"line":984,"column":55}},"298":{"start":{"line":985,"column":24},"end":{"line":993,"column":6}},"299":{"start":{"line":986,"column":6},"end":{"line":992,"column":7}},"300":{"start":{"line":987,"column":36},"end":{"line":987,"column":38}},"301":{"start":{"line":988,"column":8},"end":{"line":990,"column":11}},"302":{"start":{"line":989,"column":10},"end":{"line":989,"column":56}},"303":{"start":{"line":991,"column":8},"end":{"line":991,"column":44}},"304":{"start":{"line":995,"column":4},"end":{"line":995,"column":31}},"305":{"start":{"line":995,"column":17},"end":{"line":995,"column":30}},"306":{"start":{"line":998,"column":2},"end":{"line":1074,"column":43}},"307":{"start":{"line":999,"column":4},"end":{"line":999,"column":95}},"308":{"start":{"line":999,"column":88},"end":{"line":999,"column":95}},"309":{"start":{"line":1001,"column":4},"end":{"line":1073,"column":7}},"310":{"start":{"line":1002,"column":6},"end":{"line":1002,"column":147}},"311":{"start":{"line":1002,"column":140},"end":{"line":1002,"column":147}},"312":{"start":{"line":1004,"column":17},"end":{"line":1004,"column":18}},"313":{"start":{"line":1005,"column":19},"end":{"line":1005,"column":20}},"314":{"start":{"line":1006,"column":20},"end":{"line":1006,"column":21}},"315":{"start":{"line":1008,"column":6},"end":{"line":1052,"column":9}},"316":{"start":{"line":1010,"column":8},"end":{"line":1013,"column":9}},"317":{"start":{"line":1011,"column":12},"end":{"line":1011,"column":77}},"318":{"start":{"line":1011,"column":51},"end":{"line":1011,"column":75}},"319":{"start":{"line":1012,"column":12},"end":{"line":1012,"column":28}},"320":{"start":{"line":1012,"column":22},"end":{"line":1012,"column":28}},"321":{"start":{"line":1015,"column":8},"end":{"line":1018,"column":9}},"322":{"start":{"line":1016,"column":10},"end":{"line":1016,"column":20}},"323":{"start":{"line":1017,"column":10},"end":{"line":1017,"column":17}},"324":{"start":{"line":1020,"column":8},"end":{"line":1051,"column":9}},"325":{"start":{"line":1021,"column":28},"end":{"line":1021,"column":52}},"326":{"start":{"line":1022,"column":28},"end":{"line":1022,"column":52}},"327":{"start":{"line":1023,"column":25},"end":{"line":1023,"column":48}},"328":{"start":{"line":1024,"column":20},"end":{"line":1024,"column":25}},"329":{"start":{"line":1026,"column":10},"end":{"line":1032,"column":11}},"330":{"start":{"line":1027,"column":34},"end":{"line":1027,"column":52}},"331":{"start":{"line":1028,"column":12},"end":{"line":1028,"column":44}},"332":{"start":{"line":1030,"column":34},"end":{"line":1030,"column":52}},"333":{"start":{"line":1031,"column":12},"end":{"line":1031,"column":44}},"334":{"start":{"line":1034,"column":10},"end":{"line":1035,"column":24}},"335":{"start":{"line":1034,"column":19},"end":{"line":1034,"column":26}},"336":{"start":{"line":1035,"column":15},"end":{"line":1035,"column":24}},"337":{"start":{"line":1036,"column":15},"end":{"line":1051,"column":9}},"338":{"start":{"line":1037,"column":28},"end":{"line":1037,"column":52}},"339":{"start":{"line":1038,"column":28},"end":{"line":1038,"column":52}},"340":{"start":{"line":1039,"column":29},"end":{"line":1039,"column":50}},"341":{"start":{"line":1040,"column":24},"end":{"line":1040,"column":46}},"342":{"start":{"line":1041,"column":20},"end":{"line":1041,"column":25}},"343":{"start":{"line":1043,"column":10},"end":{"line":1047,"column":11}},"344":{"start":{"line":1044,"column":12},"end":{"line":1044,"column":37}},"345":{"start":{"line":1046,"column":12},"end":{"line":1046,"column":37}},"346":{"start":{"line":1049,"column":10},"end":{"line":1050,"column":24}},"347":{"start":{"line":1049,"column":19},"end":{"line":1049,"column":26}},"348":{"start":{"line":1050,"column":15},"end":{"line":1050,"column":24}},"349":{"start":{"line":1054,"column":31},"end":{"line":1054,"column":44}},"350":{"start":{"line":1055,"column":24},"end":{"line":1055,"column":92}},"351":{"start":{"line":1057,"column":31},"end":{"line":1057,"column":92}},"352":{"start":{"line":1058,"column":27},"end":{"line":1058,"column":92}},"353":{"start":{"line":1060,"column":6},"end":{"line":1072,"column":7}},"354":{"start":{"line":1061,"column":23},"end":{"line":1061,"column":49}},"355":{"start":{"line":1063,"column":8},"end":{"line":1063,"column":65}},"356":{"start":{"line":1065,"column":8},"end":{"line":1065,"column":90}},"357":{"start":{"line":1067,"column":8},"end":{"line":1071,"column":12}},"358":{"start":{"line":1076,"column":23},"end":{"line":1164,"column":1}},"359":{"start":{"line":1077,"column":25},"end":{"line":1077,"column":53}},"360":{"start":{"line":1078,"column":2},"end":{"line":1078,"column":33}},"361":{"start":{"line":1079,"column":2},"end":{"line":1079,"column":84}},"362":{"start":{"line":1082,"column":2},"end":{"line":1101,"column":3}},"363":{"start":{"line":1083,"column":27},"end":{"line":1083,"column":82}},"364":{"start":{"line":1084,"column":4},"end":{"line":1084,"column":42}},"365":{"start":{"line":1085,"column":4},"end":{"line":1085,"column":76}},"366":{"start":{"line":1087,"column":4},"end":{"line":1087,"column":60}},"367":{"start":{"line":1090,"column":30},"end":{"line":1090,"column":92}},"368":{"start":{"line":1091,"column":4},"end":{"line":1096,"column":7}},"369":{"start":{"line":1097,"column":4},"end":{"line":1097,"column":82}},"370":{"start":{"line":1099,"column":4},"end":{"line":1099,"column":152}},"371":{"start":{"line":1100,"column":4},"end":{"line":1100,"column":11}},"372":{"start":{"line":1104,"column":2},"end":{"line":1163,"column":3}},"373":{"start":{"line":1105,"column":4},"end":{"line":1105,"column":82}},"374":{"start":{"line":1106,"column":4},"end":{"line":1106,"column":59}},"375":{"start":{"line":1107,"column":4},"end":{"line":1107,"column":76}},"376":{"start":{"line":1112,"column":4},"end":{"line":1119,"column":7}},"377":{"start":{"line":1123,"column":4},"end":{"line":1123,"column":89}},"378":{"start":{"line":1124,"column":4},"end":{"line":1124,"column":121}},"379":{"start":{"line":1126,"column":33},"end":{"line":1130,"column":5}},"380":{"start":{"line":1132,"column":4},"end":{"line":1132,"column":104}},"381":{"start":{"line":1135,"column":4},"end":{"line":1135,"column":63}},"382":{"start":{"line":1136,"column":4},"end":{"line":1136,"column":51}},"383":{"start":{"line":1137,"column":4},"end":{"line":1137,"column":57}},"384":{"start":{"line":1140,"column":20},"end":{"line":1140,"column":29}},"385":{"start":{"line":1141,"column":4},"end":{"line":1149,"column":5}},"386":{"start":{"line":1142,"column":6},"end":{"line":1142,"column":36}},"387":{"start":{"line":1143,"column":6},"end":{"line":1143,"column":85}},"388":{"start":{"line":1144,"column":6},"end":{"line":1144,"column":124}},"389":{"start":{"line":1145,"column":6},"end":{"line":1145,"column":113}},"390":{"start":{"line":1146,"column":11},"end":{"line":1149,"column":5}},"391":{"start":{"line":1147,"column":6},"end":{"line":1147,"column":28}},"392":{"start":{"line":1148,"column":6},"end":{"line":1148,"column":65}},"393":{"start":{"line":1152,"column":30},"end":{"line":1152,"column":93}},"394":{"start":{"line":1153,"column":4},"end":{"line":1158,"column":7}},"395":{"start":{"line":1159,"column":4},"end":{"line":1159,"column":83}},"396":{"start":{"line":1161,"column":4},"end":{"line":1161,"column":86}},"397":{"start":{"line":1162,"column":4},"end":{"line":1162,"column":78}},"398":{"start":{"line":1166,"column":34},"end":{"line":1204,"column":3}},"399":{"start":{"line":1167,"column":4},"end":{"line":1203,"column":5}},"400":{"start":{"line":1168,"column":6},"end":{"line":1183,"column":9}},"401":{"start":{"line":1169,"column":25},"end":{"line":1169,"column":43}},"402":{"start":{"line":1170,"column":24},"end":{"line":1174,"column":9}},"403":{"start":{"line":1175,"column":8},"end":{"line":1178,"column":9}},"404":{"start":{"line":1176,"column":49},"end":{"line":1176,"column":53}},"405":{"start":{"line":1177,"column":10},"end":{"line":1177,"column":22}},"406":{"start":{"line":1179,"column":8},"end":{"line":1182,"column":10}},"407":{"start":{"line":1184,"column":11},"end":{"line":1203,"column":5}},"408":{"start":{"line":1185,"column":6},"end":{"line":1200,"column":9}},"409":{"start":{"line":1186,"column":25},"end":{"line":1186,"column":43}},"410":{"start":{"line":1187,"column":24},"end":{"line":1191,"column":9}},"411":{"start":{"line":1192,"column":8},"end":{"line":1195,"column":9}},"412":{"start":{"line":1193,"column":49},"end":{"line":1193,"column":53}},"413":{"start":{"line":1194,"column":10},"end":{"line":1194,"column":22}},"414":{"start":{"line":1196,"column":8},"end":{"line":1199,"column":10}},"415":{"start":{"line":1201,"column":11},"end":{"line":1203,"column":5}},"416":{"start":{"line":1202,"column":6},"end":{"line":1202,"column":33}},"417":{"start":{"line":1206,"column":27},"end":{"line":1223,"column":3}},"418":{"start":{"line":1207,"column":4},"end":{"line":1222,"column":7}},"419":{"start":{"line":1208,"column":23},"end":{"line":1208,"column":34}},"420":{"start":{"line":1209,"column":6},"end":{"line":1220,"column":7}},"421":{"start":{"line":1210,"column":8},"end":{"line":1216,"column":9}},"422":{"start":{"line":1211,"column":10},"end":{"line":1211,"column":41}},"423":{"start":{"line":1212,"column":15},"end":{"line":1216,"column":9}},"424":{"start":{"line":1213,"column":10},"end":{"line":1213,"column":41}},"425":{"start":{"line":1214,"column":15},"end":{"line":1216,"column":9}},"426":{"start":{"line":1215,"column":10},"end":{"line":1215,"column":40}},"427":{"start":{"line":1217,"column":8},"end":{"line":1219,"column":9}},"428":{"start":{"line":1218,"column":10},"end":{"line":1218,"column":34}},"429":{"start":{"line":1221,"column":6},"end":{"line":1221,"column":22}},"430":{"start":{"line":1225,"column":25},"end":{"line":1228,"column":3}},"431":{"start":{"line":1226,"column":4},"end":{"line":1226,"column":25}},"432":{"start":{"line":1227,"column":4},"end":{"line":1227,"column":32}},"433":{"start":{"line":1230,"column":22},"end":{"line":1241,"column":3}},"434":{"start":{"line":1231,"column":4},"end":{"line":1240,"column":7}},"435":{"start":{"line":1232,"column":23},"end":{"line":1232,"column":41}},"436":{"start":{"line":1233,"column":6},"end":{"line":1239,"column":8}},"437":{"start":{"line":1243,"column":31},"end":{"line":1247,"column":3}},"438":{"start":{"line":1244,"column":22},"end":{"line":1244,"column":59}},"439":{"start":{"line":1245,"column":19},"end":{"line":1245,"column":75}},"440":{"start":{"line":1246,"column":4},"end":{"line":1246,"column":40}},"441":{"start":{"line":1249,"column":22},"end":{"line":1267,"column":3}},"442":{"start":{"line":1250,"column":20},"end":{"line":1250,"column":21}},"443":{"start":{"line":1251,"column":4},"end":{"line":1255,"column":7}},"444":{"start":{"line":1252,"column":6},"end":{"line":1252,"column":34}},"445":{"start":{"line":1252,"column":22},"end":{"line":1252,"column":34}},"446":{"start":{"line":1253,"column":6},"end":{"line":1253,"column":34}},"447":{"start":{"line":1253,"column":22},"end":{"line":1253,"column":34}},"448":{"start":{"line":1254,"column":6},"end":{"line":1254,"column":33}},"449":{"start":{"line":1254,"column":21},"end":{"line":1254,"column":33}},"450":{"start":{"line":1256,"column":21},"end":{"line":1256,"column":51}},"451":{"start":{"line":1257,"column":4},"end":{"line":1260,"column":5}},"452":{"start":{"line":1258,"column":6},"end":{"line":1258,"column":82}},"453":{"start":{"line":1259,"column":6},"end":{"line":1259,"column":13}},"454":{"start":{"line":1261,"column":4},"end":{"line":1264,"column":5}},"455":{"start":{"line":1262,"column":8},"end":{"line":1262,"column":62}},"456":{"start":{"line":1263,"column":8},"end":{"line":1263,"column":15}},"457":{"start":{"line":1265,"column":4},"end":{"line":1265,"column":44}},"458":{"start":{"line":1266,"column":4},"end":{"line":1266,"column":30}},"459":{"start":{"line":1269,"column":31},"end":{"line":1451,"column":3}},"460":{"start":{"line":1270,"column":22},"end":{"line":1270,"column":67}},"461":{"start":{"line":1270,"column":44},"end":{"line":1270,"column":67}},"462":{"start":{"line":1272,"column":4},"end":{"line":1275,"column":5}},"463":{"start":{"line":1273,"column":6},"end":{"line":1273,"column":54}},"464":{"start":{"line":1274,"column":6},"end":{"line":1274,"column":13}},"465":{"start":{"line":1277,"column":27},"end":{"line":1277,"column":47}},"466":{"start":{"line":1278,"column":27},"end":{"line":1278,"column":29}},"467":{"start":{"line":1280,"column":4},"end":{"line":1333,"column":5}},"468":{"start":{"line":1281,"column":26},"end":{"line":1281,"column":31}},"469":{"start":{"line":1282,"column":29},"end":{"line":1282,"column":34}},"470":{"start":{"line":1284,"column":6},"end":{"line":1305,"column":9}},"471":{"start":{"line":1285,"column":29},"end":{"line":1285,"column":56}},"472":{"start":{"line":1286,"column":29},"end":{"line":1286,"column":56}},"473":{"start":{"line":1287,"column":28},"end":{"line":1287,"column":54}},"474":{"start":{"line":1289,"column":32},"end":{"line":1289,"column":78}},"475":{"start":{"line":1290,"column":32},"end":{"line":1290,"column":78}},"476":{"start":{"line":1291,"column":31},"end":{"line":1291,"column":76}},"477":{"start":{"line":1293,"column":8},"end":{"line":1296,"column":9}},"478":{"start":{"line":1294,"column":12},"end":{"line":1295,"column":98}},"479":{"start":{"line":1294,"column":58},"end":{"line":1294,"column":82}},"480":{"start":{"line":1295,"column":17},"end":{"line":1295,"column":98}},"481":{"start":{"line":1295,"column":77},"end":{"line":1295,"column":98}},"482":{"start":{"line":1297,"column":8},"end":{"line":1300,"column":9}},"483":{"start":{"line":1298,"column":12},"end":{"line":1299,"column":98}},"484":{"start":{"line":1298,"column":58},"end":{"line":1298,"column":82}},"485":{"start":{"line":1299,"column":17},"end":{"line":1299,"column":98}},"486":{"start":{"line":1299,"column":77},"end":{"line":1299,"column":98}},"487":{"start":{"line":1301,"column":8},"end":{"line":1304,"column":9}},"488":{"start":{"line":1302,"column":12},"end":{"line":1303,"column":96}},"489":{"start":{"line":1302,"column":56},"end":{"line":1302,"column":80}},"490":{"start":{"line":1303,"column":17},"end":{"line":1303,"column":96}},"491":{"start":{"line":1303,"column":75},"end":{"line":1303,"column":96}},"492":{"start":{"line":1307,"column":6},"end":{"line":1310,"column":7}},"493":{"start":{"line":1308,"column":8},"end":{"line":1308,"column":70}},"494":{"start":{"line":1309,"column":8},"end":{"line":1309,"column":15}},"495":{"start":{"line":1312,"column":6},"end":{"line":1315,"column":7}},"496":{"start":{"line":1313,"column":8},"end":{"line":1313,"column":70}},"497":{"start":{"line":1314,"column":8},"end":{"line":1314,"column":15}},"498":{"start":{"line":1317,"column":24},"end":{"line":1317,"column":57}},"499":{"start":{"line":1319,"column":6},"end":{"line":1322,"column":7}},"500":{"start":{"line":1320,"column":8},"end":{"line":1320,"column":58}},"501":{"start":{"line":1321,"column":8},"end":{"line":1321,"column":15}},"502":{"start":{"line":1324,"column":6},"end":{"line":1327,"column":7}},"503":{"start":{"line":1325,"column":8},"end":{"line":1325,"column":45}},"504":{"start":{"line":1326,"column":8},"end":{"line":1326,"column":15}},"505":{"start":{"line":1329,"column":6},"end":{"line":1332,"column":7}},"506":{"start":{"line":1330,"column":8},"end":{"line":1330,"column":44}},"507":{"start":{"line":1331,"column":8},"end":{"line":1331,"column":15}},"508":{"start":{"line":1335,"column":4},"end":{"line":1404,"column":7}},"509":{"start":{"line":1336,"column":17},"end":{"line":1336,"column":49}},"510":{"start":{"line":1336,"column":33},"end":{"line":1336,"column":48}},"511":{"start":{"line":1337,"column":6},"end":{"line":1342,"column":7}},"512":{"start":{"line":1338,"column":10},"end":{"line":1341,"column":11}},"513":{"start":{"line":1339,"column":14},"end":{"line":1339,"column":70}},"514":{"start":{"line":1339,"column":53},"end":{"line":1339,"column":68}},"515":{"start":{"line":1340,"column":14},"end":{"line":1340,"column":30}},"516":{"start":{"line":1340,"column":24},"end":{"line":1340,"column":30}},"517":{"start":{"line":1343,"column":6},"end":{"line":1343,"column":24}},"518":{"start":{"line":1343,"column":17},"end":{"line":1343,"column":24}},"519":{"start":{"line":1345,"column":23},"end":{"line":1345,"column":60}},"520":{"start":{"line":1346,"column":25},"end":{"line":1346,"column":61}},"521":{"start":{"line":1348,"column":6},"end":{"line":1367,"column":7}},"522":{"start":{"line":1349,"column":21},"end":{"line":1349,"column":78}},"523":{"start":{"line":1350,"column":23},"end":{"line":1350,"column":84}},"524":{"start":{"line":1352,"column":21},"end":{"line":1360,"column":9}},"525":{"start":{"line":1362,"column":8},"end":{"line":1364,"column":9}},"526":{"start":{"line":1363,"column":10},"end":{"line":1363,"column":89}},"527":{"start":{"line":1366,"column":8},"end":{"line":1366,"column":34}},"528":{"start":{"line":1368,"column":7},"end":{"line":1387,"column":7}},"529":{"start":{"line":1369,"column":21},"end":{"line":1369,"column":78}},"530":{"start":{"line":1370,"column":26},"end":{"line":1370,"column":93}},"531":{"start":{"line":1372,"column":21},"end":{"line":1380,"column":9}},"532":{"start":{"line":1382,"column":8},"end":{"line":1384,"column":9}},"533":{"start":{"line":1383,"column":10},"end":{"line":1383,"column":89}},"534":{"start":{"line":1386,"column":8},"end":{"line":1386,"column":34}},"535":{"start":{"line":1388,"column":6},"end":{"line":1403,"column":7}},"536":{"start":{"line":1389,"column":21},"end":{"line":1396,"column":9}},"537":{"start":{"line":1398,"column":8},"end":{"line":1400,"column":9}},"538":{"start":{"line":1399,"column":10},"end":{"line":1399,"column":88}},"539":{"start":{"line":1402,"column":8},"end":{"line":1402,"column":34}},"540":{"start":{"line":1406,"column":23},"end":{"line":1421,"column":5}},"541":{"start":{"line":1422,"column":4},"end":{"line":1422,"column":31}},"542":{"start":{"line":1424,"column":4},"end":{"line":1448,"column":5}},"543":{"start":{"line":1425,"column":6},"end":{"line":1444,"column":9}},"544":{"start":{"line":1447,"column":6},"end":{"line":1447,"column":50}},"545":{"start":{"line":1450,"column":4},"end":{"line":1450,"column":26}},"546":{"start":{"line":1453,"column":2},"end":{"line":1459,"column":3}},"547":{"start":{"line":1454,"column":4},"end":{"line":1458,"column":6}},"548":{"start":{"line":1461,"column":2},"end":{"line":1478,"column":3}},"549":{"start":{"line":1462,"column":4},"end":{"line":1477,"column":6}},"550":{"start":{"line":1480,"column":23},"end":{"line":1480,"column":48}},"551":{"start":{"line":1481,"column":2},"end":{"line":1527,"column":3}},"552":{"start":{"line":1482,"column":4},"end":{"line":1526,"column":6}},"553":{"start":{"line":1521,"column":47},"end":{"line":1521,"column":95}},"554":{"start":{"line":1521,"column":68},"end":{"line":1521,"column":93}},"555":{"start":{"line":1529,"column":30},"end":{"line":1529,"column":119}},"556":{"start":{"line":1531,"column":2},"end":{"line":1558,"column":3}},"557":{"start":{"line":1532,"column":4},"end":{"line":1557,"column":6}},"558":{"start":{"line":1560,"column":2},"end":{"line":1583,"column":3}},"559":{"start":{"line":1561,"column":4},"end":{"line":1582,"column":6}},"560":{"start":{"line":1585,"column":18},"end":{"line":1585,"column":19}},"561":{"start":{"line":1586,"column":2},"end":{"line":1590,"column":5}},"562":{"start":{"line":1587,"column":4},"end":{"line":1587,"column":32}},"563":{"start":{"line":1587,"column":20},"end":{"line":1587,"column":32}},"564":{"start":{"line":1588,"column":4},"end":{"line":1588,"column":32}},"565":{"start":{"line":1588,"column":20},"end":{"line":1588,"column":32}},"566":{"start":{"line":1589,"column":4},"end":{"line":1589,"column":31}},"567":{"start":{"line":1589,"column":19},"end":{"line":1589,"column":31}},"568":{"start":{"line":1591,"column":19},"end":{"line":1591,"column":49}},"569":{"start":{"line":1593,"column":2},"end":{"line":1912,"column":3}},"570":{"start":{"line":1594,"column":22},"end":{"line":1594,"column":67}},"571":{"start":{"line":1594,"column":44},"end":{"line":1594,"column":67}},"572":{"start":{"line":1596,"column":20},"end":{"line":1596,"column":21}},"573":{"start":{"line":1597,"column":27},"end":{"line":1597,"column":29}},"574":{"start":{"line":1599,"column":4},"end":{"line":1644,"column":7}},"575":{"start":{"line":1600,"column":17},"end":{"line":1600,"column":49}},"576":{"start":{"line":1600,"column":33},"end":{"line":1600,"column":48}},"577":{"start":{"line":1601,"column":6},"end":{"line":1606,"column":7}},"578":{"start":{"line":1602,"column":8},"end":{"line":1605,"column":9}},"579":{"start":{"line":1603,"column":10},"end":{"line":1603,"column":55}},"580":{"start":{"line":1603,"column":38},"end":{"line":1603,"column":53}},"581":{"start":{"line":1604,"column":10},"end":{"line":1604,"column":26}},"582":{"start":{"line":1604,"column":20},"end":{"line":1604,"column":26}},"583":{"start":{"line":1607,"column":6},"end":{"line":1607,"column":24}},"584":{"start":{"line":1607,"column":17},"end":{"line":1607,"column":24}},"585":{"start":{"line":1609,"column":26},"end":{"line":1609,"column":63}},"586":{"start":{"line":1611,"column":6},"end":{"line":1622,"column":7}},"587":{"start":{"line":1612,"column":8},"end":{"line":1612,"column":20}},"588":{"start":{"line":1613,"column":21},"end":{"line":1613,"column":78}},"589":{"start":{"line":1614,"column":26},"end":{"line":1614,"column":93}},"590":{"start":{"line":1616,"column":8},"end":{"line":1621,"column":9}},"591":{"start":{"line":1617,"column":28},"end":{"line":1617,"column":94}},"592":{"start":{"line":1618,"column":10},"end":{"line":1618,"column":111}},"593":{"start":{"line":1620,"column":10},"end":{"line":1620,"column":79}},"594":{"start":{"line":1623,"column":6},"end":{"line":1634,"column":7}},"595":{"start":{"line":1624,"column":8},"end":{"line":1624,"column":20}},"596":{"start":{"line":1625,"column":21},"end":{"line":1625,"column":78}},"597":{"start":{"line":1626,"column":23},"end":{"line":1626,"column":84}},"598":{"start":{"line":1628,"column":8},"end":{"line":1633,"column":9}},"599":{"start":{"line":1629,"column":28},"end":{"line":1629,"column":94}},"600":{"start":{"line":1630,"column":10},"end":{"line":1630,"column":100}},"601":{"start":{"line":1632,"column":10},"end":{"line":1632,"column":68}},"602":{"start":{"line":1635,"column":6},"end":{"line":1643,"column":7}},"603":{"start":{"line":1636,"column":8},"end":{"line":1636,"column":20}},"604":{"start":{"line":1637,"column":8},"end":{"line":1642,"column":9}},"605":{"start":{"line":1638,"column":28},"end":{"line":1638,"column":93}},"606":{"start":{"line":1639,"column":10},"end":{"line":1639,"column":151}},"607":{"start":{"line":1641,"column":10},"end":{"line":1641,"column":132}},"608":{"start":{"line":1646,"column":22},"end":{"line":1653,"column":6}},"609":{"start":{"line":1655,"column":30},"end":{"line":1679,"column":5}},"610":{"start":{"line":1656,"column":22},"end":{"line":1656,"column":67}},"611":{"start":{"line":1657,"column":19},"end":{"line":1677,"column":28}},"612":{"start":{"line":1670,"column":36},"end":{"line":1670,"column":57}},"613":{"start":{"line":1678,"column":6},"end":{"line":1678,"column":131}},"614":{"start":{"line":1681,"column":4},"end":{"line":1911,"column":6}},"615":{"start":{"line":1791,"column":18},"end":{"line":1818,"column":24}},"616":{"start":{"line":1878,"column":29},"end":{"line":1878,"column":53}},"617":{"start":{"line":1914,"column":2},"end":{"line":2019,"column":3}},"618":{"start":{"line":1915,"column":22},"end":{"line":1915,"column":67}},"619":{"start":{"line":1915,"column":44},"end":{"line":1915,"column":67}},"620":{"start":{"line":1917,"column":29},"end":{"line":1917,"column":31}},"621":{"start":{"line":1918,"column":4},"end":{"line":1960,"column":7}},"622":{"start":{"line":1919,"column":17},"end":{"line":1919,"column":49}},"623":{"start":{"line":1919,"column":33},"end":{"line":1919,"column":48}},"624":{"start":{"line":1920,"column":6},"end":{"line":1925,"column":7}},"625":{"start":{"line":1921,"column":8},"end":{"line":1924,"column":9}},"626":{"start":{"line":1922,"column":10},"end":{"line":1922,"column":55}},"627":{"start":{"line":1922,"column":38},"end":{"line":1922,"column":53}},"628":{"start":{"line":1923,"column":10},"end":{"line":1923,"column":26}},"629":{"start":{"line":1923,"column":20},"end":{"line":1923,"column":26}},"630":{"start":{"line":1926,"column":6},"end":{"line":1926,"column":24}},"631":{"start":{"line":1926,"column":17},"end":{"line":1926,"column":24}},"632":{"start":{"line":1928,"column":26},"end":{"line":1928,"column":63}},"633":{"start":{"line":1930,"column":6},"end":{"line":1939,"column":7}},"634":{"start":{"line":1931,"column":21},"end":{"line":1931,"column":78}},"635":{"start":{"line":1932,"column":23},"end":{"line":1932,"column":84}},"636":{"start":{"line":1933,"column":26},"end":{"line":1933,"column":129}},"637":{"start":{"line":1934,"column":8},"end":{"line":1938,"column":11}},"638":{"start":{"line":1940,"column":6},"end":{"line":1949,"column":7}},"639":{"start":{"line":1941,"column":21},"end":{"line":1941,"column":78}},"640":{"start":{"line":1942,"column":26},"end":{"line":1942,"column":93}},"641":{"start":{"line":1943,"column":26},"end":{"line":1943,"column":129}},"642":{"start":{"line":1944,"column":8},"end":{"line":1948,"column":11}},"643":{"start":{"line":1950,"column":6},"end":{"line":1959,"column":7}},"644":{"start":{"line":1951,"column":22},"end":{"line":1951,"column":32}},"645":{"start":{"line":1952,"column":26},"end":{"line":1952,"column":69}},"646":{"start":{"line":1953,"column":26},"end":{"line":1953,"column":128}},"647":{"start":{"line":1954,"column":8},"end":{"line":1958,"column":11}},"648":{"start":{"line":1962,"column":4},"end":{"line":2018,"column":6}},"649":{"start":{"line":1968,"column":68},"end":{"line":1968,"column":90}},"650":{"start":{"line":1978,"column":16},"end":{"line":1985,"column":22}},"651":{"start":{"line":2007,"column":73},"end":{"line":2007,"column":127}},"652":{"start":{"line":2010,"column":75},"end":{"line":2010,"column":130}},"653":{"start":{"line":2021,"column":2},"end":{"line":2127,"column":4}},"654":{"start":{"line":2054,"column":18},"end":{"line":2057,"column":24}},"655":{"start":{"line":2105,"column":45},"end":{"line":2105,"column":93}},"656":{"start":{"line":2105,"column":66},"end":{"line":2105,"column":91}},"657":{"start":{"line":2119,"column":29},"end":{"line":2119,"column":56}},"658":{"start":{"line":2119,"column":57},"end":{"line":2119,"column":79}},"659":{"start":{"line":2132,"column":4},"end":{"line":2132,"column":17}},"660":{"start":{"line":2133,"column":4},"end":{"line":2133,"column":67}},"661":{"start":{"line":2137,"column":4},"end":{"line":2137,"column":30}},"662":{"start":{"line":2141,"column":4},"end":{"line":2141,"column":65}},"663":{"start":{"line":2142,"column":4},"end":{"line":2145,"column":7}},"664":{"start":{"line":2149,"column":4},"end":{"line":2168,"column":5}},"665":{"start":{"line":2150,"column":6},"end":{"line":2167,"column":8}},"666":{"start":{"line":2161,"column":27},"end":{"line":2161,"column":51}},"667":{"start":{"line":2170,"column":4},"end":{"line":2170,"column":31}},"668":{"start":{"line":2175,"column":36},"end":{"line":2180,"column":4}},"669":{"start":{"line":2181,"column":34},"end":{"line":2181,"column":48}},"670":{"start":{"line":2182,"column":64},"end":{"line":2182,"column":79}},"671":{"start":{"line":2183,"column":58},"end":{"line":2183,"column":73}},"672":{"start":{"line":2184,"column":32},"end":{"line":2184,"column":50}},"673":{"start":{"line":2185,"column":36},"end":{"line":2188,"column":4}},"674":{"start":{"line":2189,"column":28},"end":{"line":2189,"column":40}},"675":{"start":{"line":2190,"column":46},"end":{"line":2190,"column":58}},"676":{"start":{"line":2191,"column":50},"end":{"line":2191,"column":64}},"677":{"start":{"line":2192,"column":30},"end":{"line":2192,"column":42}},"678":{"start":{"line":2193,"column":32},"end":{"line":2193,"column":46}},"679":{"start":{"line":2194,"column":34},"end":{"line":2194,"column":48}},"680":{"start":{"line":2195,"column":36},"end":{"line":2195,"column":51}},"681":{"start":{"line":2196,"column":42},"end":{"line":2196,"column":57}},"682":{"start":{"line":2197,"column":48},"end":{"line":2197,"column":60}},"683":{"start":{"line":2198,"column":40},"end":{"line":2198,"column":52}},"684":{"start":{"line":2199,"column":44},"end":{"line":2199,"column":58}},"685":{"start":{"line":2200,"column":48},"end":{"line":2200,"column":62}},"686":{"start":{"line":2202,"column":34},"end":{"line":2202,"column":46}},"687":{"start":{"line":2203,"column":48},"end":{"line":2203,"column":63}},"688":{"start":{"line":2204,"column":44},"end":{"line":2204,"column":58}},"689":{"start":{"line":2205,"column":24},"end":{"line":2205,"column":34}},"690":{"start":{"line":2207,"column":30},"end":{"line":2213,"column":3}},"691":{"start":{"line":2208,"column":22},"end":{"line":2209,"column":70}},"692":{"start":{"line":2210,"column":25},"end":{"line":2211,"column":79}},"693":{"start":{"line":2212,"column":4},"end":{"line":2212,"column":37}},"694":{"start":{"line":2215,"column":32},"end":{"line":2290,"column":1}},"695":{"start":{"line":2216,"column":2},"end":{"line":2289,"column":3}},"696":{"start":{"line":2217,"column":21},"end":{"line":2217,"column":47}},"697":{"start":{"line":2218,"column":4},"end":{"line":2220,"column":5}},"698":{"start":{"line":2219,"column":6},"end":{"line":2219,"column":18}},"699":{"start":{"line":2222,"column":4},"end":{"line":2227,"column":5}},"700":{"start":{"line":2223,"column":21},"end":{"line":2223,"column":40}},"701":{"start":{"line":2224,"column":6},"end":{"line":2226,"column":7}},"702":{"start":{"line":2225,"column":8},"end":{"line":2225,"column":27}},"703":{"start":{"line":2229,"column":16},"end":{"line":2229,"column":144}},"704":{"start":{"line":2231,"column":21},"end":{"line":2231,"column":37}},"705":{"start":{"line":2233,"column":4},"end":{"line":2235,"column":5}},"706":{"start":{"line":2234,"column":6},"end":{"line":2234,"column":18}},"707":{"start":{"line":2237,"column":17},"end":{"line":2237,"column":38}},"708":{"start":{"line":2239,"column":20},"end":{"line":2239,"column":22}},"709":{"start":{"line":2241,"column":4},"end":{"line":2277,"column":7}},"710":{"start":{"line":2242,"column":23},"end":{"line":2242,"column":37}},"711":{"start":{"line":2243,"column":23},"end":{"line":2243,"column":37}},"712":{"start":{"line":2245,"column":27},"end":{"line":2245,"column":88}},"713":{"start":{"line":2245,"column":68},"end":{"line":2245,"column":87}},"714":{"start":{"line":2246,"column":26},"end":{"line":2246,"column":86}},"715":{"start":{"line":2246,"column":67},"end":{"line":2246,"column":85}},"716":{"start":{"line":2247,"column":24},"end":{"line":2247,"column":81}},"717":{"start":{"line":2247,"column":65},"end":{"line":2247,"column":80}},"718":{"start":{"line":2249,"column":23},"end":{"line":2249,"column":25}},"719":{"start":{"line":2250,"column":23},"end":{"line":2250,"column":25}},"720":{"start":{"line":2251,"column":18},"end":{"line":2251,"column":20}},"721":{"start":{"line":2252,"column":26},"end":{"line":2252,"column":28}},"722":{"start":{"line":2253,"column":26},"end":{"line":2253,"column":28}},"723":{"start":{"line":2255,"column":6},"end":{"line":2261,"column":7}},"724":{"start":{"line":2256,"column":28},"end":{"line":2256,"column":80}},"725":{"start":{"line":2256,"column":60},"end":{"line":2256,"column":79}},"726":{"start":{"line":2257,"column":28},"end":{"line":2257,"column":80}},"727":{"start":{"line":2257,"column":60},"end":{"line":2257,"column":79}},"728":{"start":{"line":2259,"column":8},"end":{"line":2259,"column":114}},"729":{"start":{"line":2259,"column":25},"end":{"line":2259,"column":114}},"730":{"start":{"line":2260,"column":8},"end":{"line":2260,"column":114}},"731":{"start":{"line":2260,"column":25},"end":{"line":2260,"column":114}},"732":{"start":{"line":2263,"column":6},"end":{"line":2265,"column":7}},"733":{"start":{"line":2264,"column":8},"end":{"line":2264,"column":55}},"734":{"start":{"line":2267,"column":6},"end":{"line":2273,"column":7}},"735":{"start":{"line":2268,"column":28},"end":{"line":2268,"column":77}},"736":{"start":{"line":2268,"column":57},"end":{"line":2268,"column":76}},"737":{"start":{"line":2269,"column":28},"end":{"line":2269,"column":77}},"738":{"start":{"line":2269,"column":57},"end":{"line":2269,"column":76}},"739":{"start":{"line":2271,"column":8},"end":{"line":2271,"column":117}},"740":{"start":{"line":2271,"column":25},"end":{"line":2271,"column":117}},"741":{"start":{"line":2272,"column":8},"end":{"line":2272,"column":117}},"742":{"start":{"line":2272,"column":25},"end":{"line":2272,"column":117}},"743":{"start":{"line":2275,"column":22},"end":{"line":2275,"column":47}},"744":{"start":{"line":2276,"column":6},"end":{"line":2276,"column":89}},"745":{"start":{"line":2279,"column":4},"end":{"line":2282,"column":6}},"746":{"start":{"line":2284,"column":4},"end":{"line":2284,"column":19}},"747":{"start":{"line":2287,"column":4},"end":{"line":2287,"column":78}},"748":{"start":{"line":2288,"column":4},"end":{"line":2288,"column":16}},"749":{"start":{"line":2292,"column":26},"end":{"line":2311,"column":3}},"750":{"start":{"line":2293,"column":4},"end":{"line":2293,"column":71}},"751":{"start":{"line":2293,"column":18},"end":{"line":2293,"column":71}},"752":{"start":{"line":2295,"column":20},"end":{"line":2295,"column":55}},"753":{"start":{"line":2296,"column":4},"end":{"line":2298,"column":5}},"754":{"start":{"line":2297,"column":6},"end":{"line":2297,"column":30}},"755":{"start":{"line":2300,"column":4},"end":{"line":2308,"column":5}},"756":{"start":{"line":2301,"column":35},"end":{"line":2301,"column":49}},"757":{"start":{"line":2303,"column":6},"end":{"line":2307,"column":7}},"758":{"start":{"line":2304,"column":8},"end":{"line":2306,"column":9}},"759":{"start":{"line":2305,"column":10},"end":{"line":2305,"column":23}},"760":{"start":{"line":2310,"column":4},"end":{"line":2310,"column":57}},"761":{"start":{"line":2313,"column":24},"end":{"line":2347,"column":3}},"762":{"start":{"line":2314,"column":21},"end":{"line":2314,"column":30}},"763":{"start":{"line":2315,"column":23},"end":{"line":2315,"column":54}},"764":{"start":{"line":2316,"column":4},"end":{"line":2318,"column":5}},"765":{"start":{"line":2317,"column":6},"end":{"line":2317,"column":29}},"766":{"start":{"line":2320,"column":4},"end":{"line":2346,"column":5}},"767":{"start":{"line":2321,"column":23},"end":{"line":2321,"column":73}},"768":{"start":{"line":2323,"column":6},"end":{"line":2327,"column":7}},"769":{"start":{"line":2324,"column":26},"end":{"line":2324,"column":47}},"770":{"start":{"line":2325,"column":8},"end":{"line":2325,"column":53}},"771":{"start":{"line":2326,"column":8},"end":{"line":2326,"column":18}},"772":{"start":{"line":2329,"column":19},"end":{"line":2329,"column":40}},"773":{"start":{"line":2331,"column":6},"end":{"line":2333,"column":7}},"774":{"start":{"line":2332,"column":8},"end":{"line":2332,"column":18}},"775":{"start":{"line":2335,"column":23},"end":{"line":2335,"column":42}},"776":{"start":{"line":2337,"column":6},"end":{"line":2340,"column":8}},"777":{"start":{"line":2342,"column":6},"end":{"line":2342,"column":22}},"778":{"start":{"line":2344,"column":6},"end":{"line":2344,"column":75}},"779":{"start":{"line":2345,"column":6},"end":{"line":2345,"column":16}},"780":{"start":{"line":2349,"column":26},"end":{"line":2368,"column":3}},"781":{"start":{"line":2350,"column":4},"end":{"line":2350,"column":29}},"782":{"start":{"line":2351,"column":4},"end":{"line":2351,"column":27}},"783":{"start":{"line":2353,"column":4},"end":{"line":2367,"column":5}},"784":{"start":{"line":2354,"column":21},"end":{"line":2354,"column":84}},"785":{"start":{"line":2355,"column":30},"end":{"line":2355,"column":32}},"786":{"start":{"line":2357,"column":6},"end":{"line":2360,"column":7}},"787":{"start":{"line":2358,"column":22},"end":{"line":2358,"column":48}},"788":{"start":{"line":2359,"column":8},"end":{"line":2359,"column":39}},"789":{"start":{"line":2362,"column":6},"end":{"line":2362,"column":35}},"790":{"start":{"line":2364,"column":6},"end":{"line":2364,"column":76}},"791":{"start":{"line":2366,"column":6},"end":{"line":2366,"column":32}},"792":{"start":{"line":2370,"column":27},"end":{"line":2372,"column":8}},"793":{"start":{"line":2371,"column":4},"end":{"line":2371,"column":67}},"794":{"start":{"line":2371,"column":32},"end":{"line":2371,"column":58}},"795":{"start":{"line":2374,"column":24},"end":{"line":2452,"column":8}},"796":{"start":{"line":2375,"column":21},"end":{"line":2375,"column":23}},"797":{"start":{"line":2376,"column":21},"end":{"line":2376,"column":23}},"798":{"start":{"line":2377,"column":16},"end":{"line":2377,"column":18}},"799":{"start":{"line":2378,"column":24},"end":{"line":2378,"column":26}},"800":{"start":{"line":2379,"column":24},"end":{"line":2379,"column":26}},"801":{"start":{"line":2381,"column":4},"end":{"line":2449,"column":5}},"802":{"start":{"line":2382,"column":6},"end":{"line":2384,"column":7}},"803":{"start":{"line":2383,"column":8},"end":{"line":2383,"column":79}},"804":{"start":{"line":2386,"column":19},"end":{"line":2386,"column":38}},"805":{"start":{"line":2388,"column":6},"end":{"line":2394,"column":7}},"806":{"start":{"line":2389,"column":28},"end":{"line":2389,"column":51}},"807":{"start":{"line":2390,"column":8},"end":{"line":2393,"column":9}},"808":{"start":{"line":2391,"column":10},"end":{"line":2391,"column":81}},"809":{"start":{"line":2392,"column":10},"end":{"line":2392,"column":83}},"810":{"start":{"line":2396,"column":6},"end":{"line":2407,"column":7}},"811":{"start":{"line":2397,"column":32},"end":{"line":2397,"column":112}},"812":{"start":{"line":2398,"column":32},"end":{"line":2398,"column":112}},"813":{"start":{"line":2400,"column":8},"end":{"line":2402,"column":9}},"814":{"start":{"line":2401,"column":10},"end":{"line":2401,"column":93}},"815":{"start":{"line":2404,"column":8},"end":{"line":2406,"column":9}},"816":{"start":{"line":2405,"column":10},"end":{"line":2405,"column":93}},"817":{"start":{"line":2409,"column":6},"end":{"line":2417,"column":7}},"818":{"start":{"line":2410,"column":8},"end":{"line":2412,"column":9}},"819":{"start":{"line":2411,"column":10},"end":{"line":2411,"column":41}},"820":{"start":{"line":2413,"column":13},"end":{"line":2417,"column":7}},"821":{"start":{"line":2414,"column":8},"end":{"line":2416,"column":9}},"822":{"start":{"line":2415,"column":10},"end":{"line":2415,"column":37}},"823":{"start":{"line":2419,"column":6},"end":{"line":2424,"column":7}},"824":{"start":{"line":2420,"column":19},"end":{"line":2420,"column":56}},"825":{"start":{"line":2421,"column":8},"end":{"line":2423,"column":9}},"826":{"start":{"line":2422,"column":10},"end":{"line":2422,"column":57}},"827":{"start":{"line":2426,"column":6},"end":{"line":2431,"column":7}},"828":{"start":{"line":2427,"column":19},"end":{"line":2427,"column":56}},"829":{"start":{"line":2428,"column":8},"end":{"line":2430,"column":9}},"830":{"start":{"line":2429,"column":10},"end":{"line":2429,"column":57}},"831":{"start":{"line":2433,"column":6},"end":{"line":2438,"column":7}},"832":{"start":{"line":2434,"column":22},"end":{"line":2434,"column":55}},"833":{"start":{"line":2435,"column":8},"end":{"line":2437,"column":9}},"834":{"start":{"line":2436,"column":10},"end":{"line":2436,"column":66}},"835":{"start":{"line":2440,"column":6},"end":{"line":2445,"column":7}},"836":{"start":{"line":2441,"column":22},"end":{"line":2441,"column":55}},"837":{"start":{"line":2442,"column":8},"end":{"line":2444,"column":9}},"838":{"start":{"line":2443,"column":10},"end":{"line":2443,"column":66}},"839":{"start":{"line":2448,"column":6},"end":{"line":2448,"column":52}},"840":{"start":{"line":2451,"column":4},"end":{"line":2451,"column":75}},"841":{"start":{"line":2454,"column":32},"end":{"line":2512,"column":50}},"842":{"start":{"line":2455,"column":4},"end":{"line":2511,"column":5}},"843":{"start":{"line":2456,"column":25},"end":{"line":2456,"column":58}},"844":{"start":{"line":2457,"column":6},"end":{"line":2508,"column":9}},"845":{"start":{"line":2458,"column":8},"end":{"line":2507,"column":9}},"846":{"start":{"line":2459,"column":31},"end":{"line":2459,"column":45}},"847":{"start":{"line":2460,"column":10},"end":{"line":2506,"column":13}},"848":{"start":{"line":2461,"column":26},"end":{"line":2461,"column":31}},"849":{"start":{"line":2462,"column":29},"end":{"line":2496,"column":14}},"850":{"start":{"line":2463,"column":29},"end":{"line":2463,"column":40}},"851":{"start":{"line":2464,"column":14},"end":{"line":2494,"column":15}},"852":{"start":{"line":2465,"column":31},"end":{"line":2465,"column":51}},"853":{"start":{"line":2466,"column":42},"end":{"line":2466,"column":79}},"854":{"start":{"line":2467,"column":42},"end":{"line":2467,"column":79}},"855":{"start":{"line":2468,"column":45},"end":{"line":2468,"column":88}},"856":{"start":{"line":2469,"column":45},"end":{"line":2469,"column":88}},"857":{"start":{"line":2470,"column":37},"end":{"line":2470,"column":64}},"858":{"start":{"line":2471,"column":32},"end":{"line":2471,"column":134}},"859":{"start":{"line":2473,"column":16},"end":{"line":2485,"column":17}},"860":{"start":{"line":2474,"column":18},"end":{"line":2474,"column":33}},"861":{"start":{"line":2475,"column":18},"end":{"line":2478,"column":22}},"862":{"start":{"line":2475,"column":46},"end":{"line":2478,"column":19}},"863":{"start":{"line":2479,"column":18},"end":{"line":2484,"column":26}},"864":{"start":{"line":2480,"column":20},"end":{"line":2483,"column":24}},"865":{"start":{"line":2480,"column":48},"end":{"line":2483,"column":21}},"866":{"start":{"line":2486,"column":16},"end":{"line":2493,"column":18}},"867":{"start":{"line":2495,"column":14},"end":{"line":2495,"column":26}},"868":{"start":{"line":2497,"column":12},"end":{"line":2499,"column":13}},"869":{"start":{"line":2498,"column":14},"end":{"line":2498,"column":34}},"870":{"start":{"line":2501,"column":12},"end":{"line":2503,"column":13}},"871":{"start":{"line":2502,"column":14},"end":{"line":2502,"column":47}},"872":{"start":{"line":2505,"column":12},"end":{"line":2505,"column":28}},"873":{"start":{"line":2510,"column":6},"end":{"line":2510,"column":66}},"874":{"start":{"line":2514,"column":24},"end":{"line":2680,"column":39}},"875":{"start":{"line":2515,"column":22},"end":{"line":2515,"column":110}},"876":{"start":{"line":2516,"column":23},"end":{"line":2516,"column":25}},"877":{"start":{"line":2518,"column":4},"end":{"line":2518,"column":21}},"878":{"start":{"line":2519,"column":4},"end":{"line":2519,"column":22}},"879":{"start":{"line":2521,"column":4},"end":{"line":2664,"column":8}},"880":{"start":{"line":2522,"column":6},"end":{"line":2663,"column":7}},"881":{"start":{"line":2523,"column":8},"end":{"line":2535,"column":9}},"882":{"start":{"line":2524,"column":25},"end":{"line":2524,"column":41}},"883":{"start":{"line":2525,"column":30},"end":{"line":2527,"column":28}},"884":{"start":{"line":2529,"column":10},"end":{"line":2534,"column":11}},"885":{"start":{"line":2530,"column":12},"end":{"line":2530,"column":37}},"886":{"start":{"line":2531,"column":12},"end":{"line":2531,"column":44}},"887":{"start":{"line":2532,"column":12},"end":{"line":2532,"column":43}},"888":{"start":{"line":2533,"column":12},"end":{"line":2533,"column":19}},"889":{"start":{"line":2537,"column":28},"end":{"line":2537,"column":53}},"890":{"start":{"line":2538,"column":25},"end":{"line":2538,"column":58}},"891":{"start":{"line":2540,"column":8},"end":{"line":2540,"column":46}},"892":{"start":{"line":2541,"column":8},"end":{"line":2541,"column":97}},"893":{"start":{"line":2543,"column":26},"end":{"line":2545,"column":9}},"894":{"start":{"line":2544,"column":30},"end":{"line":2544,"column":59}},"895":{"start":{"line":2544,"column":54},"end":{"line":2544,"column":58}},"896":{"start":{"line":2547,"column":31},"end":{"line":2547,"column":64}},"897":{"start":{"line":2547,"column":53},"end":{"line":2547,"column":63}},"898":{"start":{"line":2549,"column":8},"end":{"line":2552,"column":9}},"899":{"start":{"line":2550,"column":10},"end":{"line":2550,"column":33}},"900":{"start":{"line":2551,"column":10},"end":{"line":2551,"column":17}},"901":{"start":{"line":2554,"column":28},"end":{"line":2554,"column":70}},"902":{"start":{"line":2554,"column":53},"end":{"line":2554,"column":69}},"903":{"start":{"line":2555,"column":8},"end":{"line":2564,"column":9}},"904":{"start":{"line":2556,"column":10},"end":{"line":2556,"column":32}},"905":{"start":{"line":2557,"column":25},"end":{"line":2557,"column":41}},"906":{"start":{"line":2558,"column":10},"end":{"line":2562,"column":11}},"907":{"start":{"line":2559,"column":12},"end":{"line":2559,"column":44}},"908":{"start":{"line":2561,"column":12},"end":{"line":2561,"column":35}},"909":{"start":{"line":2563,"column":10},"end":{"line":2563,"column":17}},"910":{"start":{"line":2566,"column":24},"end":{"line":2568,"column":9}},"911":{"start":{"line":2567,"column":34},"end":{"line":2567,"column":56}},"912":{"start":{"line":2570,"column":26},"end":{"line":2570,"column":28}},"913":{"start":{"line":2571,"column":8},"end":{"line":2575,"column":11}},"914":{"start":{"line":2572,"column":10},"end":{"line":2574,"column":11}},"915":{"start":{"line":2573,"column":12},"end":{"line":2573,"column":43}},"916":{"start":{"line":2577,"column":8},"end":{"line":2581,"column":9}},"917":{"start":{"line":2578,"column":10},"end":{"line":2578,"column":33}},"918":{"start":{"line":2579,"column":10},"end":{"line":2579,"column":65}},"919":{"start":{"line":2580,"column":10},"end":{"line":2580,"column":17}},"920":{"start":{"line":2583,"column":29},"end":{"line":2583,"column":31}},"921":{"start":{"line":2584,"column":24},"end":{"line":2584,"column":33}},"922":{"start":{"line":2585,"column":8},"end":{"line":2590,"column":11}},"923":{"start":{"line":2586,"column":10},"end":{"line":2589,"column":11}},"924":{"start":{"line":2587,"column":12},"end":{"line":2587,"column":34}},"925":{"start":{"line":2588,"column":12},"end":{"line":2588,"column":37}},"926":{"start":{"line":2591,"column":8},"end":{"line":2591,"column":73}},"927":{"start":{"line":2591,"column":36},"end":{"line":2591,"column":71}},"928":{"start":{"line":2593,"column":31},"end":{"line":2622,"column":10}},"929":{"start":{"line":2594,"column":30},"end":{"line":2594,"column":51}},"930":{"start":{"line":2595,"column":27},"end":{"line":2595,"column":53}},"931":{"start":{"line":2596,"column":27},"end":{"line":2596,"column":53}},"932":{"start":{"line":2597,"column":25},"end":{"line":2597,"column":48}},"933":{"start":{"line":2599,"column":82},"end":{"line":2599,"column":115}},"934":{"start":{"line":2601,"column":10},"end":{"line":2621,"column":12}},"935":{"start":{"line":2624,"column":8},"end":{"line":2654,"column":9}},"936":{"start":{"line":2625,"column":31},"end":{"line":2625,"column":63}},"937":{"start":{"line":2627,"column":10},"end":{"line":2651,"column":11}},"938":{"start":{"line":2628,"column":28},"end":{"line":2628,"column":64}},"939":{"start":{"line":2630,"column":12},"end":{"line":2648,"column":13}},"940":{"start":{"line":2631,"column":42},"end":{"line":2643,"column":16}},"941":{"start":{"line":2632,"column":16},"end":{"line":2632,"column":59}},"942":{"start":{"line":2632,"column":47},"end":{"line":2632,"column":59}},"943":{"start":{"line":2634,"column":29},"end":{"line":2634,"column":59}},"944":{"start":{"line":2635,"column":16},"end":{"line":2642,"column":18}},"945":{"start":{"line":2645,"column":14},"end":{"line":2645,"column":54}},"946":{"start":{"line":2647,"column":14},"end":{"line":2647,"column":49}},"947":{"start":{"line":2650,"column":12},"end":{"line":2650,"column":47}},"948":{"start":{"line":2653,"column":10},"end":{"line":2653,"column":45}},"949":{"start":{"line":2656,"column":8},"end":{"line":2656,"column":78}},"950":{"start":{"line":2657,"column":8},"end":{"line":2657,"column":40}},"951":{"start":{"line":2660,"column":8},"end":{"line":2660,"column":30}},"952":{"start":{"line":2661,"column":8},"end":{"line":2661,"column":31}},"953":{"start":{"line":2662,"column":8},"end":{"line":2662,"column":41}},"954":{"start":{"line":2666,"column":4},"end":{"line":2666,"column":34}},"955":{"start":{"line":2667,"column":25},"end":{"line":2667,"column":52}},"956":{"start":{"line":2668,"column":4},"end":{"line":2677,"column":5}},"957":{"start":{"line":2669,"column":26},"end":{"line":2669,"column":63}},"958":{"start":{"line":2670,"column":6},"end":{"line":2670,"column":39}},"959":{"start":{"line":2671,"column":6},"end":{"line":2671,"column":48}},"960":{"start":{"line":2672,"column":6},"end":{"line":2672,"column":46}},"961":{"start":{"line":2674,"column":6},"end":{"line":2676,"column":7}},"962":{"start":{"line":2675,"column":8},"end":{"line":2675,"column":43}},"963":{"start":{"line":2678,"column":4},"end":{"line":2678,"column":22}},"964":{"start":{"line":2679,"column":4},"end":{"line":2679,"column":35}},"965":{"start":{"line":2682,"column":2},"end":{"line":2716,"column":32}},"966":{"start":{"line":2683,"column":18},"end":{"line":2714,"column":6}},"967":{"start":{"line":2684,"column":6},"end":{"line":2713,"column":7}},"968":{"start":{"line":2685,"column":28},"end":{"line":2685,"column":61}},"969":{"start":{"line":2686,"column":24},"end":{"line":2686,"column":57}},"970":{"start":{"line":2687,"column":8},"end":{"line":2692,"column":11}},"971":{"start":{"line":2696,"column":8},"end":{"line":2704,"column":9}},"972":{"start":{"line":2698,"column":10},"end":{"line":2700,"column":11}},"973":{"start":{"line":2699,"column":12},"end":{"line":2699,"column":33}},"974":{"start":{"line":2703,"column":10},"end":{"line":2703,"column":37}},"975":{"start":{"line":2707,"column":8},"end":{"line":2712,"column":11}},"976":{"start":{"line":2715,"column":4},"end":{"line":2715,"column":17}},"977":{"start":{"line":2718,"column":2},"end":{"line":2738,"column":60}},"978":{"start":{"line":2719,"column":21},"end":{"line":2719,"column":25}},"979":{"start":{"line":2721,"column":4},"end":{"line":2731,"column":5}},"980":{"start":{"line":2722,"column":6},"end":{"line":2726,"column":14}},"981":{"start":{"line":2723,"column":8},"end":{"line":2725,"column":11}},"982":{"start":{"line":2724,"column":10},"end":{"line":2724,"column":39}},"983":{"start":{"line":2728,"column":4},"end":{"line":2730,"column":27}},"984":{"start":{"line":2729,"column":6},"end":{"line":2729,"column":41}},"985":{"start":{"line":2733,"column":4},"end":{"line":2737,"column":6}},"986":{"start":{"line":2734,"column":6},"end":{"line":2736,"column":7}},"987":{"start":{"line":2735,"column":8},"end":{"line":2735,"column":34}},"988":{"start":{"line":2740,"column":2},"end":{"line":2744,"column":67}},"989":{"start":{"line":2741,"column":4},"end":{"line":2743,"column":5}},"990":{"start":{"line":2742,"column":6},"end":{"line":2742,"column":30}},"991":{"start":{"line":2747,"column":2},"end":{"line":2752,"column":56}},"992":{"start":{"line":2748,"column":4},"end":{"line":2751,"column":5}},"993":{"start":{"line":2750,"column":6},"end":{"line":2750,"column":42}},"994":{"start":{"line":2754,"column":2},"end":{"line":2757,"column":9}},"995":{"start":{"line":2755,"column":19},"end":{"line":2755,"column":68}},"996":{"start":{"line":2756,"column":4},"end":{"line":2756,"column":51}},"997":{"start":{"line":2756,"column":16},"end":{"line":2756,"column":51}},"998":{"start":{"line":2759,"column":2},"end":{"line":2765,"column":49}},"999":{"start":{"line":2760,"column":4},"end":{"line":2762,"column":5}},"1000":{"start":{"line":2761,"column":6},"end":{"line":2761,"column":24}},"1001":{"start":{"line":2767,"column":22},"end":{"line":2815,"column":3}},"1002":{"start":{"line":2768,"column":4},"end":{"line":2768,"column":23}},"1003":{"start":{"line":2769,"column":4},"end":{"line":2769,"column":62}},"1004":{"start":{"line":2769,"column":25},"end":{"line":2769,"column":59}},"1005":{"start":{"line":2770,"column":4},"end":{"line":2814,"column":5}},"1006":{"start":{"line":2772,"column":29},"end":{"line":2776,"column":7}},"1007":{"start":{"line":2779,"column":26},"end":{"line":2779,"column":74}},"1008":{"start":{"line":2780,"column":30},"end":{"line":2780,"column":65}},"1009":{"start":{"line":2783,"column":6},"end":{"line":2792,"column":7}},"1010":{"start":{"line":2785,"column":8},"end":{"line":2785,"column":28}},"1011":{"start":{"line":2786,"column":8},"end":{"line":2790,"column":12}},"1012":{"start":{"line":2786,"column":29},"end":{"line":2790,"column":9}},"1013":{"start":{"line":2791,"column":8},"end":{"line":2791,"column":15}},"1014":{"start":{"line":2794,"column":6},"end":{"line":2803,"column":7}},"1015":{"start":{"line":2796,"column":8},"end":{"line":2796,"column":28}},"1016":{"start":{"line":2797,"column":8},"end":{"line":2801,"column":12}},"1017":{"start":{"line":2797,"column":29},"end":{"line":2801,"column":9}},"1018":{"start":{"line":2802,"column":8},"end":{"line":2802,"column":15}},"1019":{"start":{"line":2809,"column":6},"end":{"line":2813,"column":10}},"1020":{"start":{"line":2809,"column":27},"end":{"line":2813,"column":7}},"1021":{"start":{"line":2817,"column":30},"end":{"line":2822,"column":3}},"1022":{"start":{"line":2818,"column":4},"end":{"line":2818,"column":26}},"1023":{"start":{"line":2819,"column":27},"end":{"line":2819,"column":71}},"1024":{"start":{"line":2820,"column":4},"end":{"line":2820,"column":46}},"1025":{"start":{"line":2821,"column":4},"end":{"line":2821,"column":27}},"1026":{"start":{"line":2824,"column":24},"end":{"line":2895,"column":3}},"1027":{"start":{"line":2825,"column":31},"end":{"line":2829,"column":5}},"1028":{"start":{"line":2826,"column":6},"end":{"line":2828,"column":14}},"1029":{"start":{"line":2827,"column":8},"end":{"line":2827,"column":54}},"1030":{"start":{"line":2831,"column":4},"end":{"line":2894,"column":5}},"1031":{"start":{"line":2833,"column":6},"end":{"line":2833,"column":26}},"1032":{"start":{"line":2837,"column":6},"end":{"line":2837,"column":27}},"1033":{"start":{"line":2840,"column":6},"end":{"line":2840,"column":29}},"1034":{"start":{"line":2843,"column":6},"end":{"line":2855,"column":7}},"1035":{"start":{"line":2844,"column":8},"end":{"line":2854,"column":9}},"1036":{"start":{"line":2845,"column":28},"end":{"line":2845,"column":62}},"1037":{"start":{"line":2846,"column":10},"end":{"line":2850,"column":13}},"1038":{"start":{"line":2847,"column":12},"end":{"line":2849,"column":13}},"1039":{"start":{"line":2848,"column":14},"end":{"line":2848,"column":55}},"1040":{"start":{"line":2853,"column":10},"end":{"line":2853,"column":63}},"1041":{"start":{"line":2858,"column":6},"end":{"line":2858,"column":24}},"1042":{"start":{"line":2859,"column":6},"end":{"line":2859,"column":27}},"1043":{"start":{"line":2860,"column":6},"end":{"line":2860,"column":29}},"1044":{"start":{"line":2861,"column":6},"end":{"line":2861,"column":40}},"1045":{"start":{"line":2862,"column":6},"end":{"line":2862,"column":37}},"1046":{"start":{"line":2863,"column":6},"end":{"line":2863,"column":19}},"1047":{"start":{"line":2864,"column":6},"end":{"line":2864,"column":28}},"1048":{"start":{"line":2865,"column":6},"end":{"line":2865,"column":32}},"1049":{"start":{"line":2866,"column":6},"end":{"line":2866,"column":41}},"1050":{"start":{"line":2869,"column":6},"end":{"line":2874,"column":9}},"1051":{"start":{"line":2877,"column":6},"end":{"line":2877,"column":27}},"1052":{"start":{"line":2880,"column":6},"end":{"line":2880,"column":53}},"1053":{"start":{"line":2882,"column":6},"end":{"line":2882,"column":27}},"1054":{"start":{"line":2883,"column":6},"end":{"line":2883,"column":29}},"1055":{"start":{"line":2884,"column":6},"end":{"line":2884,"column":24}},"1056":{"start":{"line":2885,"column":6},"end":{"line":2890,"column":9}},"1057":{"start":{"line":2893,"column":6},"end":{"line":2893,"column":27}},"1058":{"start":{"line":2897,"column":2},"end":{"line":2903,"column":4}},"1059":{"start":{"line":2897,"column":25},"end":{"line":2903,"column":4}},"1060":{"start":{"line":2907,"column":2},"end":{"line":2909,"column":3}},"1061":{"start":{"line":2908,"column":4},"end":{"line":2908,"column":79}},"1062":{"start":{"line":2908,"column":41},"end":{"line":2908,"column":74}},"1063":{"start":{"line":2911,"column":2},"end":{"line":2917,"column":3}},"1064":{"start":{"line":2912,"column":4},"end":{"line":2916,"column":7}},"1065":{"start":{"line":2915,"column":20},"end":{"line":2915,"column":50}},"1066":{"start":{"line":2919,"column":2},"end":{"line":2935,"column":3}},"1067":{"start":{"line":2920,"column":4},"end":{"line":2934,"column":7}},"1068":{"start":{"line":2931,"column":8},"end":{"line":2931,"column":31}},"1069":{"start":{"line":2932,"column":8},"end":{"line":2932,"column":34}},"1070":{"start":{"line":2937,"column":2},"end":{"line":2944,"column":3}},"1071":{"start":{"line":2938,"column":4},"end":{"line":2943,"column":7}},"1072":{"start":{"line":2939,"column":32},"end":{"line":2939,"column":55}},"1073":{"start":{"line":2940,"column":27},"end":{"line":2940,"column":59}},"1074":{"start":{"line":2941,"column":31},"end":{"line":2941,"column":60}},"1075":{"start":{"line":2946,"column":2},"end":{"line":2954,"column":3}},"1076":{"start":{"line":2947,"column":4},"end":{"line":2953,"column":6}},"1077":{"start":{"line":2956,"column":2},"end":{"line":2958,"column":3}},"1078":{"start":{"line":2957,"column":4},"end":{"line":2957,"column":70}},"1079":{"start":{"line":2957,"column":48},"end":{"line":2957,"column":65}},"1080":{"start":{"line":2960,"column":2},"end":{"line":3000,"column":3}},"1081":{"start":{"line":2961,"column":4},"end":{"line":2999,"column":6}},"1082":{"start":{"line":2972,"column":16},"end":{"line":2972,"column":70}},"1083":{"start":{"line":2972,"column":37},"end":{"line":2972,"column":68}},"1084":{"start":{"line":2981,"column":16},"end":{"line":2981,"column":73}},"1085":{"start":{"line":2981,"column":37},"end":{"line":2981,"column":71}},"1086":{"start":{"line":2988,"column":29},"end":{"line":2988,"column":46}},"1087":{"start":{"line":3002,"column":2},"end":{"line":3042,"column":3}},"1088":{"start":{"line":3003,"column":4},"end":{"line":3041,"column":6}},"1089":{"start":{"line":3014,"column":16},"end":{"line":3014,"column":70}},"1090":{"start":{"line":3014,"column":37},"end":{"line":3014,"column":68}},"1091":{"start":{"line":3023,"column":16},"end":{"line":3023,"column":73}},"1092":{"start":{"line":3023,"column":37},"end":{"line":3023,"column":71}},"1093":{"start":{"line":3030,"column":29},"end":{"line":3030,"column":46}},"1094":{"start":{"line":3044,"column":2},"end":{"line":3052,"column":3}},"1095":{"start":{"line":3045,"column":4},"end":{"line":3051,"column":6}},"1096":{"start":{"line":3054,"column":2},"end":{"line":3087,"column":5}},"1097":{"start":{"line":3059,"column":6},"end":{"line":3067,"colum
[...]
,"/home/runner/work/EGTSports/EGTSports/src/components/UserManagement.js": {"path":"/home/runner/work/EGTSports/EGTSports/src/components/UserManagement.js","statementMap":{"0":{"start":{"line":7,"column":28},"end":{"line":7,"column":40}},"1":{"start":{"line":8,"column":32},"end":{"line":13,"column":4}},"2":{"start":{"line":14,"column":32},"end":{"line":14,"column":47}},"3":{"start":{"line":15,"column":28},"end":{"line":15,"column":40}},"4":{"start":{"line":16,"column":32},"end":{"line":16,"column":44}},"5":{"start":{"line":18,"column":15},"end":{"line":18,"column":24}},"6":{"start":{"line":19,"column":19},"end":{"line":19,"column":32}},"7":{"start":{"line":21,"column":2},"end":{"line":40,"column":17}},"8":{"start":{"line":23,"column":21},"end":{"line":23,"column":43}},"9":{"start":{"line":24,"column":24},"end":{"line":37,"column":6}},"10":{"start":{"line":25,"column":6},"end":{"line":36,"column":7}},"11":{"start":{"line":26,"column":26},"end":{"line":26,"column":28}},"12":{"start":{"line":27,"column":8},"end":{"line":32,"column":11}},"13":{"start":{"line":28,"column":10},"end":{"line":31,"column":13}},"14":{"start":{"line":33,"column":8},"end":{"line":33,"column":28}},"15":{"start":{"line":35,"column":8},"end":{"line":35,"column":21}},"16":{"start":{"line":39,"column":4},"end":{"line":39,"column":31}},"17":{"start":{"line":39,"column":17},"end":{"line":39,"column":30}},"18":{"start":{"line":42,"column":27},"end":{"line":104,"column":3}},"19":{"start":{"line":43,"column":4},"end":{"line":43,"column":23}},"20":{"start":{"line":44,"column":4},"end":{"line":44,"column":21}},"21":{"start":{"line":45,"column":4},"end":{"line":45,"column":17}},"22":{"start":{"line":46,"column":4},"end":{"line":46,"column":19}},"23":{"start":{"line":48,"column":4},"end":{"line":103,"column":5}},"24":{"start":{"line":50,"column":6},"end":{"line":52,"column":7}},"25":{"start":{"line":51,"column":8},"end":{"line":51,"column":53}},"26":{"start":{"line":54,"column":6},"end":{"line":56,"column":7}},"27":{"start":{"line":55,"column":8},"end":{"line":55,"column":66}},"28":{"start":{"line":59,"column":26},"end":{"line":59,"column":42}},"29":{"start":{"line":60,"column":6},"end":{"line":62,"column":7}},"30":{"start":{"line":61,"column":8},"end":{"line":61,"column":45}},"31":{"start":{"line":64,"column":22},"end":{"line":64,"column":52}},"32":{"start":{"line":68,"column":23},"end":{"line":80,"column":8}},"33":{"start":{"line":82,"column":21},"end":{"line":82,"column":42}},"34":{"start":{"line":84,"column":6},"end":{"line":86,"column":7}},"35":{"start":{"line":85,"column":8},"end":{"line":85,"column":65}},"36":{"start":{"line":88,"column":6},"end":{"line":88,"column":70}},"37":{"start":{"line":91,"column":6},"end":{"line":96,"column":9}},"38":{"start":{"line":99,"column":6},"end":{"line":99,"column":49}},"39":{"start":{"line":100,"column":6},"end":{"line":100,"column":28}},"40":{"start":{"line":102,"column":6},"end":{"line":102,"column":24}},"41":{"start":{"line":106,"column":27},"end":{"line":118,"column":3}},"42":{"start":{"line":107,"column":4},"end":{"line":109,"column":5}},"43":{"start":{"line":108,"column":6},"end":{"line":108,"column":13}},"44":{"start":{"line":111,"column":4},"end":{"line":117,"column":5}},"45":{"start":{"line":112,"column":6},"end":{"line":112,"column":50}},"46":{"start":{"line":113,"column":6},"end":{"line":113,"column":61}},"47":{"start":{"line":115,"column":6},"end":{"line":115,"column":49}},"48":{"start":{"line":116,"column":6},"end":{"line":116,"column":28}},"49":{"start":{"line":120,"column":29},"end":{"line":135,"column":3}},"50":{"start":{"line":121,"column":22},"end":{"line":124,"column":6}},"51":{"start":{"line":126,"column":4},"end":{"line":126,"column":55}},"52":{"start":{"line":126,"column":48},"end":{"line":126,"column":55}},"53":{"start":{"line":128,"column":4},"end":{"line":134,"column":5}},"54":{"start":{"line":129,"column":6},"end":{"line":129,"column":72}},"55":{"start":{"line":130,"column":6},"end":{"line":130,"column":54}},"56":{"start":{"line":132,"column":6},"end":{"line":132,"column":51}},"57":{"start":{"line":133,"column":6},"end":{"line":133,"column":28}},"58":{"start":{"line":137,"column":2},"end":{"line":282,"column":4}},"59":{"start":{"line":169,"column":35},"end":{"line":169,"column":90}},"60":{"start":{"line":179,"column":35},"end":{"line":179,"column":84}},"61":{"start":{"line":189,"column":35},"end":{"line":189,"column":87}},"62":{"start":{"line":200,"column":35},"end":{"line":200,"column":90}},"63":{"start":{"line":225,"column":16},"end":{"line":275,"column":22}},"64":{"start":{"line":257,"column":37},"end":{"line":257,"column":108}},"65":{"start":{"line":264,"column":37},"end":{"line":264,"column":81}}},"fnMap":{"0":{"name":"UserManagement","decl":{"start":{"line":6,"column":9},"end":{"line":6,"column":23}},"loc":{"start":{"line":6,"column":36},"end":{"line":283,"column":1}},"line":6},"1":{"name":"(anonymous_1)","decl":{"start":{"line":21,"column":12},"end":{"line":21,"column":13}},"loc":{"start":{"line":21,"column":18},"end":{"line":40,"column":3}},"line":21},"2":{"name":"(anonymous_2)","decl":{"start":{"line":24,"column":42},"end":{"line":24,"column":43}},"loc":{"start":{"line":24,"column":56},"end":{"line":37,"column":5}},"line":24},"3":{"name":"(anonymous_3)","decl":{"start":{"line":27,"column":25},"end":{"line":27,"column":26}},"loc":{"start":{"line":27,"column":44},"end":{"line":32,"column":9}},"line":27},"4":{"name":"(anonymous_4)","decl":{"start":{"line":39,"column":11},"end":{"line":39,"column":12}},"loc":{"start":{"line":39,"column":17},"end":{"line":39,"column":30}},"line":39},"5":{"name":"(anonymous_5)","decl":{"start":{"line":42,"column":27},"end":{"line":42,"column":28}},"loc":{"start":{"line":42,"column":40},"end":{"line":104,"column":3}},"line":42},"6":{"name":"(anonymous_6)","decl":{"start":{"line":106,"column":27},"end":{"line":106,"column":28}},"loc":{"start":{"line":106,"column":55},"end":{"line":118,"column":3}},"line":106},"7":{"name":"(anonymous_7)","decl":{"start":{"line":120,"column":29},"end":{"line":120,"column":30}},"loc":{"start":{"line":120,"column":80},"end":{"line":135,"column":3}},"line":120},"8":{"name":"(anonymous_8)","decl":{"start":{"line":169,"column":28},"end":{"line":169,"column":29}},"loc":{"start":{"line":169,"column":35},"end":{"line":169,"column":90}},"line":169},"9":{"name":"(anonymous_9)","decl":{"start":{"line":179,"column":28},"end":{"line":179,"column":29}},"loc":{"start":{"line":179,"column":35},"end":{"line":179,"column":84}},"line":179},"10":{"name":"(anonymous_10)","decl":{"start":{"line":189,"column":28},"end":{"line":189,"column":29}},"loc":{"start":{"line":189,"column":35},"end":{"line":189,"column":87}},"line":189},"11":{"name":"(anonymous_11)","decl":{"start":{"line":200,"column":28},"end":{"line":200,"column":29}},"loc":{"start":{"line":200,"column":35},"end":{"line":200,"column":90}},"line":200},"12":{"name":"(anonymous_12)","decl":{"start":{"line":224,"column":25},"end":{"line":224,"column":26}},"loc":{"start":{"line":225,"column":16},"end":{"line":275,"column":22}},"line":225},"13":{"name":"(anonymous_13)","decl":{"start":{"line":257,"column":31},"end":{"line":257,"column":32}},"loc":{"start":{"line":257,"column":37},"end":{"line":257,"column":108}},"line":257},"14":{"name":"(anonymous_14)","decl":{"start":{"line":264,"column":31},"end":{"line":264,"column":32}},"loc":{"start":{"line":264,"column":37},"end":{"line":264,"column":81}},"line":264}},"branchMap":{"0":{"loc":{"start":{"line":25,"column":6},"end":{"line":36,"column":7}},"type":"if","locations":[{"start":{"line":25,"column":6},"end":{"line":36,"column":7}},{"start":{"line":34,"column":13},"end":{"line":36,"column":7}}],"line":25},"1":{"loc":{"start":{"line":50,"column":6},"end":{"line":52,"column":7}},"type":"if","locations":[{"start":{"line":50,"column":6},"end":{"line":52,"column":7}},{"start":{},"end":{}}],"line":50},"2":{"loc":{"start":{"line":50,"column":10},"end":{"line":50,"column":69}},"type":"binary-expr","locations":[{"start":{"line":50,"column":10},"end":{"line":50,"column":24}},{"start":{"line":50,"column":28},"end":{"line":50,"column":45}},{"start":{"line":50,"column":49},"end":{"line":50,"column":69}}],"line":50},"3":{"loc":{"start":{"line":54,"column":6},"end":{"line":56,"column":7}},"type":"if","locations":[{"start":{"line":54,"column":6},"end":{"line":56,"column":7}},{"start":{},"end":{}}],"line":54},"4":{"loc":{"start":{"line":60,"column":6},"end":{"line":62,"column":7}},"type":"if","locations":[{"start":{"line":60,"column":6},"end":{"line":62,"column":7}},{"start":{},"end":{}}],"line":60},"5":{"loc":{"start":{"line":78,"column":23},"end":{"line":78,"column":61}},"type":"binary-expr","locations":[{"start":{"line":78,"column":23},"end":{"line":78,"column":54}},{"start":{"line":78,"column":58},"end":{"line":78,"column":61}}],"line":78},"6":{"loc":{"start":{"line":84,"column":6},"end":{"line":86,"column":7}},"type":"if","locations":[{"start":{"line":84,"column":6},"end":{"line":86,"column":7}},{"start":{},"end":{}}],"line":84},"7":{"loc":{"start":{"line":84,"column":10},"end":{"line":84,"column":41}},"type":"binary-expr","locations":[{"start":{"line":84,"column":10},"end":{"line":84,"column":22}},{"start":{"line":84,"column":26},"end":{"line":84,"column":41}}],"line":84},"8":{"loc":{"start":{"line":85,"column":24},"end":{"line":85,"column":63}},"type":"binary-expr","locations":[{"start":{"line":85,"column":24},"end":{"line":85,"column":36}},{"start":{"line":85,"column":40},"end":{"line":85,"column":63}}],"line":85},"9":{"loc":{"start":{"line":107,"column":4},"end":{"line":109,"column":5}},"type":"if","locations":[{"start":{"line":107,"column":4},"end":{"line":109,"column":5}},{"start":{},"end":{}}],"line":107},"10":{"loc":{"start":{"line":126,"column":4},"end":{"line":126,"column":55}},"type":"if","locations":[{"start":{"line":126,"column":4},"end":{"line":126,"column":55}},{"start":{},"end":{}}],"line":126},"11":{"loc":{"start":{"line":126,"column":8},"end":{"line":126,"column":46}},"type":"binary-expr","locations":[{"start":{"line":126,"column":8},"end":{"line":126,"column":24}},{"start":{"line":126,"column":28},"end":{"line":126,"column":46}}],"line":126},"12":{"loc":{"start":{"line":147,"column":9},"end":{"line":151,"column":9}},"type":"binary-expr","locations":[{"start":{"line":147,"column":9},"end":{"line":147,"column":14}},{"start":{"line":148,"column":10},"end":{"line":150,"column":16}}],"line":147},"13":{"loc":{"start":{"line":153,"column":9},"end":{"line":157,"column":9}},"type":"binary-expr","locations":[{"start":{"line":153,"column":9},"end":{"line":153,"column":16}},{"start":{"line":154,"column":10},"end":{"line":156,"column":16}}],"line":153},"14":{"loc":{"start":{"line":212,"column":15},"end":{"line":212,"column":61}},"type":"cond-expr","locations":[{"start":{"line":212,"column":25},"end":{"line":212,"column":43}},{"start":{"line":212,"column":46},"end":{"line":212,"column":61}}],"line":212},"15":{"loc":{"start":{"line":220,"column":11},"end":{"line":278,"column":11}},"type":"cond-expr","locations":[{"start":{"line":221,"column":12},"end":{"line":221,"column":78}},{"start":{"line":223,"column":12},"end":{"line":277,"column":18}}],"line":220},"16":{"loc":{"start":{"line":247,"column":51},"end":{"line":247,"column":74}},"type":"binary-expr","locations":[{"start":{"line":247,"column":51},"end":{"line":247,"column":69}},{"start":{"line":247,"column":73},"end":{"line":247,"column":74}}],"line":247},"17":{"loc":{"start":{"line":247,"column":80},"end":{"line":247,"column":103}},"type":"binary-expr","locations":[{"start":{"line":247,"column":80},"end":{"line":247,"column":96}},{"start":{"line":247,"column":100},"end":{"line":247,"column":103}}],"line":247},"18":{"loc":{"start":{"line":257,"column":84},"end":{"line":257,"column":107}},"type":"binary-expr","locations":[{"start":{"line":257,"column":84},"end":{"line":257,"column":102}},{"start":{"line":257,"column":106},"end":{"line":257,"column":107}}],"line":257}},"s":{"0":0,"1":0,"2":0,"3":0,"4":0,"5":0,"6":0,"7":0,"8":0,"9":0,"10":0,"11":0,"12":0,"13":0,"14":0,"15":0,"16":0,"17":0,"18":0,"19":0,"20":0,"21":0,"22":0,"23":0,"24":0,"25":0,"26":0,"27":0,"28":0,"29":0,"30":0,"31":0,"32":0,"33":0,"34":0,"35":0,"36":0,"37":0,"38":0,"39":0,"40":0,"41":0,"42":0,"43":0,"44":0,"45":0,"46":0,"47":0,"48":0,"49":0,"50":0,"51":0,"52":0,"53":0,"54":0,"55":0,"56":0,"57":0,"58":0,"59":0,"60":0,"61":0,"62":0,"63":0,"64":0,"65":0},"f":{"0":0,"1":0,"2":0,"3":0,"4":0,"5":0,"6":0,"7":0,"8":0,"9":0,"10":0,"11":0,"12":0,"13":0,"14":0},"b":{"0":[0,0],"1":[0,0],"2":[0,0,0],"3":[0,0],"4":[0,0],"5":[0,0],"6":[0,0],"7":[0,0],"8":[0,0],"9":[0,0],"10":[0,0],"11":[0,0],"12":[0,0],"13":[0,0],"14":[0,0],"15":[0,0],"16":[0,0],"17":[0,0],"18":[0,0]}}
,"/home/runner/work/EGTSports/EGTSports/src/services/stripe.js": {"path":"/home/runner/work/EGTSports/EGTSports/src/services/stripe.js","statementMap":{"0":{"start":{"line":4,"column":31},"end":{"line":4,"column":188}},"1":{"start":{"line":5,"column":28},"end":{"line":5,"column":110}},"2":{"start":{"line":11,"column":35},"end":{"line":56,"column":1}},"3":{"start":{"line":12,"column":2},"end":{"line":55,"column":3}},"4":{"start":{"line":13,"column":4},"end":{"line":13,"column":72}},"5":{"start":{"line":15,"column":21},"end":{"line":33,"column":6}},"6":{"start":{"line":35,"column":4},"end":{"line":38,"column":5}},"7":{"start":{"line":36,"column":20},"end":{"line":36,"column":41}},"8":{"start":{"line":37,"column":6},"end":{"line":37,"column":74}},"9":{"start":{"line":40,"column":17},"end":{"line":40,"column":38}},"10":{"start":{"line":41,"column":4},"end":{"line":41,"column":67}},"11":{"start":{"line":43,"column":4},"end":{"line":48,"column":6}},"12":{"start":{"line":50,"column":4},"end":{"line":50,"column":61}},"13":{"start":{"line":51,"column":4},"end":{"line":54,"column":6}},"14":{"start":{"line":62,"column":34},"end":{"line":95,"column":1}},"15":{"start":{"line":63,"column":2},"end":{"line":94,"column":3}},"16":{"start":{"line":64,"column":4},"end":{"line":64,"column":72}},"17":{"start":{"line":66,"column":21},"end":{"line":72,"column":6}},"18":{"start":{"line":74,"column":4},"end":{"line":76,"column":5}},"19":{"start":{"line":75,"column":6},"end":{"line":75,"column":56}},"20":{"start":{"line":78,"column":17},"end":{"line":78,"column":38}},"21":{"start":{"line":80,"column":4},"end":{"line":86,"column":6}},"22":{"start":{"line":88,"column":4},"end":{"line":88,"column":61}},"23":{"start":{"line":89,"column":4},"end":{"line":93,"column":6}},"24":{"start":{"line":101,"column":35},"end":{"line":134,"column":1}},"25":{"start":{"line":102,"column":2},"end":{"line":133,"column":3}},"26":{"start":{"line":103,"column":4},"end":{"line":103,"column":75}},"27":{"start":{"line":105,"column":21},"end":{"line":115,"column":6}},"28":{"start":{"line":117,"column":4},"end":{"line":119,"column":5}},"29":{"start":{"line":118,"column":6},"end":{"line":118,"column":50}},"30":{"start":{"line":121,"column":17},"end":{"line":121,"column":38}},"31":{"start":{"line":123,"column":4},"end":{"line":126,"column":6}},"32":{"start":{"line":128,"column":4},"end":{"line":128,"column":55}},"33":{"start":{"line":129,"column":4},"end":{"line":132,"column":6}},"34":{"start":{"line":139,"column":34},"end":{"line":166,"column":1}},"35":{"start":{"line":140,"column":2},"end":{"line":165,"column":3}},"36":{"start":{"line":141,"column":21},"end":{"line":146,"column":6}},"37":{"start":{"line":148,"column":4},"end":{"line":150,"column":5}},"38":{"start":{"line":149,"column":6},"end":{"line":149,"column":58}},"39":{"start":{"line":152,"column":17},"end":{"line":152,"column":38}},"40":{"start":{"line":154,"column":4},"end":{"line":157,"column":6}},"41":{"start":{"line":159,"column":4},"end":{"line":159,"column":63}},"42":{"start":{"line":160,"column":4},"end":{"line":164,"column":6}}},"fnMap":{"0":{"name":"(anonymous_0)","decl":{"start":{"line":11,"column":35},"end":{"line":11,"column":36}},"loc":{"start":{"line":11,"column":95},"end":{"line":56,"column":1}},"line":11},"1":{"name":"(anonymous_1)","decl":{"start":{"line":62,"column":34},"end":{"line":62,"column":35}},"loc":{"start":{"line":62,"column":58},"end":{"line":95,"column":1}},"line":62},"2":{"name":"(anonymous_2)","decl":{"start":{"line":101,"column":35},"end":{"line":101,"column":36}},"loc":{"start":{"line":101,"column":68},"end":{"line":134,"column":1}},"line":101},"3":{"name":"(anonymous_3)","decl":{"start":{"line":139,"column":34},"end":{"line":139,"column":35}},"loc":{"start":{"line":139,"column":46},"end":{"line":166,"column":1}},"line":139}},"branchMap":{"0":{"loc":{"start":{"line":4,"column":31},"end":{"line":4,"column":188}},"type":"binary-expr","locations":[{"start":{"line":4,"column":31},"end":{"line":4,"column":75}},{"start":{"line":4,"column":79},"end":{"line":4,"column":188}}],"line":4},"1":{"loc":{"start":{"line":5,"column":28},"end":{"line":5,"column":110}},"type":"binary-expr","locations":[{"start":{"line":5,"column":28},"end":{"line":5,"column":69}},{"start":{"line":5,"column":73},"end":{"line":5,"column":110}}],"line":5},"2":{"loc":{"start":{"line":35,"column":4},"end":{"line":38,"column":5}},"type":"if","locations":[{"start":{"line":35,"column":4},"end":{"line":38,"column":5}},{"start":{},"end":{}}],"line":35},"3":{"loc":{"start":{"line":37,"column":22},"end":{"line":37,"column":72}},"type":"binary-expr","locations":[{"start":{"line":37,"column":22},"end":{"line":37,"column":35}},{"start":{"line":37,"column":39},"end":{"line":37,"column":72}}],"line":37},"4":{"loc":{"start":{"line":74,"column":4},"end":{"line":76,"column":5}},"type":"if","locations":[{"start":{"line":74,"column":4},"end":{"line":76,"column":5}},{"start":{},"end":{}}],"line":74},"5":{"loc":{"start":{"line":82,"column":14},"end":{"line":82,"column":71}},"type":"binary-expr","locations":[{"start":{"line":82,"column":14},"end":{"line":82,"column":41}},{"start":{"line":82,"column":45},"end":{"line":82,"column":71}}],"line":82},"6":{"loc":{"start":{"line":117,"column":4},"end":{"line":119,"column":5}},"type":"if","locations":[{"start":{"line":117,"column":4},"end":{"line":119,"column":5}},{"start":{},"end":{}}],"line":117},"7":{"loc":{"start":{"line":148,"column":4},"end":{"line":150,"column":5}},"type":"if","locations":[{"start":{"line":148,"column":4},"end":{"line":150,"column":5}},{"start":{},"end":{}}],"line":148},"8":{"loc":{"start":{"line":156,"column":16},"end":{"line":156,"column":35}},"type":"binary-expr","locations":[{"start":{"line":156,"column":16},"end":{"line":156,"column":29}},{"start":{"line":156,"column":33},"end":{"line":156,"column":35}}],"line":156}},"s":{"0":0,"1":0,"2":0,"3":0,"4":0,"5":0,"6":0,"7":0,"8":0,"9":0,"10":0,"11":0,"12":0,"13":0,"14":0,"15":0,"16":0,"17":0,"18":0,"19":0,"20":0,"21":0,"22":0,"23":0,"24":0,"25":0,"26":0,"27":0,"28":0,"29":0,"30":0,"31":0,"32":0,"33":0,"34":0,"35":0,"36":0,"37":0,"38":0,"39":0,"40":0,"41":0,"42":0},"f":{"0":0,"1":0,"2":0,"3":0},"b":{"0":[0,0],"1":[0,0],"2":[0,0],"3":[0,0],"4":[0,0],"5":[0,0],"6":[0,0],"7":[0,0],"8":[0,0]}}
}
