TN:
SF:src/App.js
FN:18,SportsMenu
FN:21,(anonymous_1)
FN:21,(anonymous_2)
FN:23,(anonymous_3)
FN:30,(anonymous_4)
FN:34,(anonymous_5)
FN:44,(anonymous_6)
FN:63,MobileSportsMenu
FN:65,(anonymous_8)
FN:65,(anonymous_9)
FN:66,(anonymous_10)
FN:70,(anonymous_11)
FN:74,(anonymous_12)
FN:83,(anonymous_13)
FN:103,(anonymous_14)
FN:117,(anonymous_15)
FN:180,(anonymous_16)
FN:195,(anonymous_17)
FN:207,(anonymous_18)
FN:238,(anonymous_19)
FN:252,AdminPanel
FN:257,(anonymous_21)
FN:258,(anonymous_22)
FN:261,(anonymous_23)
FN:264,(anonymous_24)
FN:277,(anonymous_25)
FN:278,(anonymous_26)
FN:324,(anonymous_27)
FN:327,(anonymous_28)
FN:348,(anonymous_29)
FN:352,(anonymous_30)
FN:371,(anonymous_31)
FN:372,(anonymous_32)
FN:373,(anonymous_33)
FN:381,(anonymous_34)
FN:382,(anonymous_35)
FN:383,(anonymous_36)
FN:391,(anonymous_37)
FN:392,(anonymous_38)
FN:393,(anonymous_39)
FN:408,(anonymous_40)
FN:436,(anonymous_41)
FN:461,(anonymous_42)
FN:469,(anonymous_43)
FN:539,(anonymous_44)
FN:542,(anonymous_45)
FN:548,(anonymous_46)
FN:565,(anonymous_47)
FN:569,(anonymous_48)
FN:573,(anonymous_49)
FN:574,(anonymous_50)
FN:581,(anonymous_51)
FN:597,AdminLandingPage
FN:672,(anonymous_53)
FN:676,(anonymous_54)
FN:708,AdminSubmissionsView
FN:709,(anonymous_56)
FN:718,(anonymous_57)
FN:723,(anonymous_58)
FN:785,(anonymous_59)
FN:814,(anonymous_60)
FN:876,(anonymous_61)
FN:900,LandingPage
FN:911,(anonymous_63)
FN:918,(anonymous_64)
FN:923,(anonymous_65)
FN:925,(anonymous_66)
FN:928,(anonymous_67)
FN:934,(anonymous_68)
FN:960,(anonymous_69)
FN:973,(anonymous_70)
FN:980,(anonymous_71)
FN:985,(anonymous_72)
FN:988,(anonymous_73)
FN:995,(anonymous_74)
FN:998,(anonymous_75)
FN:1001,(anonymous_76)
FN:1008,(anonymous_77)
FN:1011,(anonymous_78)
FN:1076,(anonymous_79)
FN:1166,(anonymous_80)
FN:1168,(anonymous_81)
FN:1185,(anonymous_82)
FN:1206,(anonymous_83)
FN:1207,(anonymous_84)
FN:1225,(anonymous_85)
FN:1230,(anonymous_86)
FN:1231,(anonymous_87)
FN:1243,(anonymous_88)
FN:1249,(anonymous_89)
FN:1251,(anonymous_90)
FN:1269,(anonymous_91)
FN:1270,(anonymous_92)
FN:1284,(anonymous_93)
FN:1335,(anonymous_94)
FN:1336,(anonymous_95)
FN:1339,(anonymous_96)
FN:1521,(anonymous_97)
FN:1521,(anonymous_98)
FN:1586,(anonymous_99)
FN:1594,(anonymous_100)
FN:1599,(anonymous_101)
FN:1600,(anonymous_102)
FN:1603,(anonymous_103)
FN:1655,(anonymous_104)
FN:1670,(anonymous_105)
FN:1790,(anonymous_106)
FN:1878,(anonymous_107)
FN:1915,(anonymous_108)
FN:1918,(anonymous_109)
FN:1919,(anonymous_110)
FN:1922,(anonymous_111)
FN:1968,(anonymous_112)
FN:1977,(anonymous_113)
FN:2007,(anonymous_114)
FN:2010,(anonymous_115)
FN:2053,(anonymous_116)
FN:2105,(anonymous_117)
FN:2105,(anonymous_118)
FN:2119,(anonymous_119)
FN:2131,(anonymous_120)
FN:2136,(anonymous_121)
FN:2140,(anonymous_122)
FN:2148,(anonymous_123)
FN:2161,(anonymous_124)
FN:2174,App
FN:2207,(anonymous_126)
FN:2215,(anonymous_127)
FN:2241,(anonymous_128)
FN:2245,(anonymous_129)
FN:2246,(anonymous_130)
FN:2247,(anonymous_131)
FN:2256,(anonymous_132)
FN:2257,(anonymous_133)
FN:2268,(anonymous_134)
FN:2269,(anonymous_135)
FN:2292,(anonymous_136)
FN:2313,(anonymous_137)
FN:2349,(anonymous_138)
FN:2370,(anonymous_139)
FN:2371,(anonymous_140)
FN:2374,(anonymous_141)
FN:2454,(anonymous_142)
FN:2457,(anonymous_143)
FN:2460,(anonymous_144)
FN:2462,(anonymous_145)
FN:2475,(anonymous_146)
FN:2479,(anonymous_147)
FN:2480,(anonymous_148)
FN:2514,(anonymous_149)
FN:2521,(anonymous_150)
FN:2544,(anonymous_151)
FN:2544,(anonymous_152)
FN:2547,(anonymous_153)
FN:2554,(anonymous_154)
FN:2567,(anonymous_155)
FN:2571,(anonymous_156)
FN:2585,(anonymous_157)
FN:2591,(anonymous_158)
FN:2593,(anonymous_159)
FN:2631,(anonymous_160)
FN:2682,(anonymous_161)
FN:2683,(anonymous_162)
FN:2718,(anonymous_163)
FN:2722,(anonymous_164)
FN:2723,(anonymous_165)
FN:2728,(anonymous_166)
FN:2733,(anonymous_167)
FN:2740,(anonymous_168)
FN:2747,(anonymous_169)
FN:2754,(anonymous_170)
FN:2759,(anonymous_171)
FN:2767,(anonymous_172)
FN:2769,(anonymous_173)
FN:2786,(anonymous_174)
FN:2797,(anonymous_175)
FN:2809,(anonymous_176)
FN:2817,(anonymous_177)
FN:2824,(anonymous_178)
FN:2825,(anonymous_179)
FN:2826,(anonymous_180)
FN:2846,(anonymous_181)
FN:2908,(anonymous_182)
FN:2915,(anonymous_183)
FN:2930,(anonymous_184)
FN:2939,(anonymous_185)
FN:2940,(anonymous_186)
FN:2941,(anonymous_187)
FN:2957,(anonymous_188)
FN:2971,(anonymous_189)
FN:2972,(anonymous_190)
FN:2980,(anonymous_191)
FN:2981,(anonymous_192)
FN:2988,(anonymous_193)
FN:3013,(anonymous_194)
FN:3014,(anonymous_195)
FN:3022,(anonymous_196)
FN:3023,(anonymous_197)
FN:3030,(anonymous_198)
FN:3058,(anonymous_199)
FN:3078,(anonymous_200)
FN:3090,AppWithErrorBoundary
FNF:202
FNH:0
FNDA:0,SportsMenu
FNDA:0,(anonymous_1)
FNDA:0,(anonymous_2)
FNDA:0,(anonymous_3)
FNDA:0,(anonymous_4)
FNDA:0,(anonymous_5)
FNDA:0,(anonymous_6)
FNDA:0,MobileSportsMenu
FNDA:0,(anonymous_8)
FNDA:0,(anonymous_9)
FNDA:0,(anonymous_10)
FNDA:0,(anonymous_11)
FNDA:0,(anonymous_12)
FNDA:0,(anonymous_13)
FNDA:0,(anonymous_14)
FNDA:0,(anonymous_15)
FNDA:0,(anonymous_16)
FNDA:0,(anonymous_17)
FNDA:0,(anonymous_18)
FNDA:0,(anonymous_19)
FNDA:0,AdminPanel
FNDA:0,(anonymous_21)
FNDA:0,(anonymous_22)
FNDA:0,(anonymous_23)
FNDA:0,(anonymous_24)
FNDA:0,(anonymous_25)
FNDA:0,(anonymous_26)
FNDA:0,(anonymous_27)
FNDA:0,(anonymous_28)
FNDA:0,(anonymous_29)
FNDA:0,(anonymous_30)
FNDA:0,(anonymous_31)
FNDA:0,(anonymous_32)
FNDA:0,(anonymous_33)
FNDA:0,(anonymous_34)
FNDA:0,(anonymous_35)
FNDA:0,(anonymous_36)
FNDA:0,(anonymous_37)
FNDA:0,(anonymous_38)
FNDA:0,(anonymous_39)
FNDA:0,(anonymous_40)
FNDA:0,(anonymous_41)
FNDA:0,(anonymous_42)
FNDA:0,(anonymous_43)
FNDA:0,(anonymous_44)
FNDA:0,(anonymous_45)
FNDA:0,(anonymous_46)
FNDA:0,(anonymous_47)
FNDA:0,(anonymous_48)
FNDA:0,(anonymous_49)
FNDA:0,(anonymous_50)
FNDA:0,(anonymous_51)
FNDA:0,AdminLandingPage
FNDA:0,(anonymous_53)
FNDA:0,(anonymous_54)
FNDA:0,AdminSubmissionsView
FNDA:0,(anonymous_56)
FNDA:0,(anonymous_57)
FNDA:0,(anonymous_58)
FNDA:0,(anonymous_59)
FNDA:0,(anonymous_60)
FNDA:0,(anonymous_61)
FNDA:0,LandingPage
FNDA:0,(anonymous_63)
FNDA:0,(anonymous_64)
FNDA:0,(anonymous_65)
FNDA:0,(anonymous_66)
FNDA:0,(anonymous_67)
FNDA:0,(anonymous_68)
FNDA:0,(anonymous_69)
FNDA:0,(anonymous_70)
FNDA:0,(anonymous_71)
FNDA:0,(anonymous_72)
FNDA:0,(anonymous_73)
FNDA:0,(anonymous_74)
FNDA:0,(anonymous_75)
FNDA:0,(anonymous_76)
FNDA:0,(anonymous_77)
FNDA:0,(anonymous_78)
FNDA:0,(anonymous_79)
FNDA:0,(anonymous_80)
FNDA:0,(anonymous_81)
FNDA:0,(anonymous_82)
FNDA:0,(anonymous_83)
FNDA:0,(anonymous_84)
FNDA:0,(anonymous_85)
FNDA:0,(anonymous_86)
FNDA:0,(anonymous_87)
FNDA:0,(anonymous_88)
FNDA:0,(anonymous_89)
FNDA:0,(anonymous_90)
FNDA:0,(anonymous_91)
FNDA:0,(anonymous_92)
FNDA:0,(anonymous_93)
FNDA:0,(anonymous_94)
FNDA:0,(anonymous_95)
FNDA:0,(anonymous_96)
FNDA:0,(anonymous_97)
FNDA:0,(anonymous_98)
FNDA:0,(anonymous_99)
FNDA:0,(anonymous_100)
FNDA:0,(anonymous_101)
FNDA:0,(anonymous_102)
FNDA:0,(anonymous_103)
FNDA:0,(anonymous_104)
FNDA:0,(anonymous_105)
FNDA:0,(anonymous_106)
FNDA:0,(anonymous_107)
FNDA:0,(anonymous_108)
FNDA:0,(anonymous_109)
FNDA:0,(anonymous_110)
FNDA:0,(anonymous_111)
FNDA:0,(anonymous_112)
FNDA:0,(anonymous_113)
FNDA:0,(anonymous_114)
FNDA:0,(anonymous_115)
FNDA:0,(anonymous_116)
FNDA:0,(anonymous_117)
FNDA:0,(anonymous_118)
FNDA:0,(anonymous_119)
FNDA:0,(anonymous_120)
FNDA:0,(anonymous_121)
FNDA:0,(anonymous_122)
FNDA:0,(anonymous_123)
FNDA:0,(anonymous_124)
FNDA:0,App
FNDA:0,(anonymous_126)
FNDA:0,(anonymous_127)
FNDA:0,(anonymous_128)
FNDA:0,(anonymous_129)
FNDA:0,(anonymous_130)
FNDA:0,(anonymous_131)
FNDA:0,(anonymous_132)
FNDA:0,(anonymous_133)
FNDA:0,(anonymous_134)
FNDA:0,(anonymous_135)
FNDA:0,(anonymous_136)
FNDA:0,(anonymous_137)
FNDA:0,(anonymous_138)
FNDA:0,(anonymous_139)
FNDA:0,(anonymous_140)
FNDA:0,(anonymous_141)
FNDA:0,(anonymous_142)
FNDA:0,(anonymous_143)
FNDA:0,(anonymous_144)
FNDA:0,(anonymous_145)
FNDA:0,(anonymous_146)
FNDA:0,(anonymous_147)
FNDA:0,(anonymous_148)
FNDA:0,(anonymous_149)
FNDA:0,(anonymous_150)
FNDA:0,(anonymous_151)
FNDA:0,(anonymous_152)
FNDA:0,(anonymous_153)
FNDA:0,(anonymous_154)
FNDA:0,(anonymous_155)
FNDA:0,(anonymous_156)
FNDA:0,(anonymous_157)
FNDA:0,(anonymous_158)
FNDA:0,(anonymous_159)
FNDA:0,(anonymous_160)
FNDA:0,(anonymous_161)
FNDA:0,(anonymous_162)
FNDA:0,(anonymous_163)
FNDA:0,(anonymous_164)
FNDA:0,(anonymous_165)
FNDA:0,(anonymous_166)
FNDA:0,(anonymous_167)
FNDA:0,(anonymous_168)
FNDA:0,(anonymous_169)
FNDA:0,(anonymous_170)
FNDA:0,(anonymous_171)
FNDA:0,(anonymous_172)
FNDA:0,(anonymous_173)
FNDA:0,(anonymous_174)
FNDA:0,(anonymous_175)
FNDA:0,(anonymous_176)
FNDA:0,(anonymous_177)
FNDA:0,(anonymous_178)
FNDA:0,(anonymous_179)
FNDA:0,(anonymous_180)
FNDA:0,(anonymous_181)
FNDA:0,(anonymous_182)
FNDA:0,(anonymous_183)
FNDA:0,(anonymous_184)
FNDA:0,(anonymous_185)
FNDA:0,(anonymous_186)
FNDA:0,(anonymous_187)
FNDA:0,(anonymous_188)
FNDA:0,(anonymous_189)
FNDA:0,(anonymous_190)
FNDA:0,(anonymous_191)
FNDA:0,(anonymous_192)
FNDA:0,(anonymous_193)
FNDA:0,(anonymous_194)
FNDA:0,(anonymous_195)
FNDA:0,(anonymous_196)
FNDA:0,(anonymous_197)
FNDA:0,(anonymous_198)
FNDA:0,(anonymous_199)
FNDA:0,(anonymous_200)
FNDA:0,AppWithErrorBoundary
DA:19,0
DA:21,0
DA:23,0
DA:25,0
DA:31,0
DA:34,0
DA:44,0
DA:64,0
DA:65,0
DA:66,0
DA:68,0
DA:71,0
DA:74,0
DA:83,0
DA:93,0
DA:103,0
DA:104,0
DA:112,0
DA:117,0
DA:118,0
DA:119,0
DA:121,0
DA:122,0
DA:123,0
DA:124,0
DA:125,0
DA:128,0
DA:132,0
DA:133,0
DA:134,0
DA:136,0
DA:145,0
DA:147,0
DA:148,0
DA:149,0
DA:151,0
DA:152,0
DA:154,0
DA:162,0
DA:172,0
DA:173,0
DA:174,0
DA:176,0
DA:177,0
DA:178,0
DA:180,0
DA:181,0
DA:182,0
DA:183,0
DA:191,0
DA:195,0
DA:196,0
DA:197,0
DA:207,0
DA:208,0
DA:209,0
DA:218,0
DA:229,0
DA:230,0
DA:234,0
DA:238,0
DA:239,0
DA:249,0
DA:253,0
DA:254,0
DA:255,0
DA:257,0
DA:258,0
DA:259,0
DA:261,0
DA:264,0
DA:265,0
DA:266,0
DA:269,0
DA:270,0
DA:273,0
DA:274,0
DA:275,0
DA:277,0
DA:278,0
DA:279,0
DA:280,0
DA:281,0
DA:284,0
DA:285,0
DA:286,0
DA:287,0
DA:288,0
DA:290,0
DA:291,0
DA:292,0
DA:294,0
DA:295,0
DA:298,0
DA:299,0
DA:300,0
DA:301,0
DA:302,0
DA:303,0
DA:304,0
DA:305,0
DA:307,0
DA:308,0
DA:310,0
DA:313,0
DA:314,0
DA:318,0
DA:319,0
DA:321,0
DA:324,0
DA:325,0
DA:327,0
DA:328,0
DA:330,0
DA:332,0
DA:333,0
DA:335,0
DA:336,0
DA:337,0
DA:339,0
DA:348,0
DA:349,0
DA:350,0
DA:351,0
DA:352,0
DA:353,0
DA:362,0
DA:363,0
DA:364,0
DA:366,0
DA:367,0
DA:371,0
DA:372,0
DA:373,0
DA:374,0
DA:381,0
DA:382,0
DA:383,0
DA:384,0
DA:391,0
DA:392,0
DA:393,0
DA:394,0
DA:401,0
DA:402,0
DA:408,0
DA:437,0
DA:454,0
DA:455,0
DA:461,0
DA:470,0
DA:471,0
DA:531,0
DA:539,0
DA:542,0
DA:549,0
DA:565,0
DA:569,0
DA:573,0
DA:574,0
DA:581,0
DA:598,0
DA:607,0
DA:673,0
DA:676,0
DA:709,0
DA:710,0
DA:711,0
DA:714,0
DA:715,0
DA:716,0
DA:718,0
DA:719,0
DA:722,0
DA:723,0
DA:724,0
DA:727,0
DA:728,0
DA:729,0
DA:732,0
DA:733,0
DA:734,0
DA:735,0
DA:736,0
DA:738,0
DA:739,0
DA:740,0
DA:742,0
DA:743,0
DA:746,0
DA:747,0
DA:748,0
DA:749,0
DA:750,0
DA:751,0
DA:752,0
DA:753,0
DA:755,0
DA:756,0
DA:758,0
DA:761,0
DA:762,0
DA:763,0
DA:764,0
DA:765,0
DA:766,0
DA:768,0
DA:769,0
DA:771,0
DA:774,0
DA:775,0
DA:779,0
DA:780,0
DA:782,0
DA:785,0
DA:786,0
DA:796,0
DA:799,0
DA:815,0
DA:816,0
DA:877,0
DA:901,0
DA:902,0
DA:903,0
DA:904,0
DA:905,0
DA:906,0
DA:907,0
DA:908,0
DA:909,0
DA:911,0
DA:912,0
DA:913,0
DA:915,0
DA:918,0
DA:919,0
DA:920,0
DA:922,0
DA:923,0
DA:924,0
DA:925,0
DA:926,0
DA:927,0
DA:928,0
DA:929,0
DA:932,0
DA:934,0
DA:935,0
DA:936,0
DA:937,0
DA:938,0
DA:939,0
DA:940,0
DA:941,0
DA:945,0
DA:946,0
DA:947,0
DA:949,0
DA:950,0
DA:951,0
DA:953,0
DA:954,0
DA:958,0
DA:959,0
DA:960,0
DA:961,0
DA:962,0
DA:966,0
DA:973,0
DA:974,0
DA:980,0
DA:981,0
DA:982,0
DA:984,0
DA:985,0
DA:986,0
DA:987,0
DA:988,0
DA:989,0
DA:991,0
DA:995,0
DA:998,0
DA:999,0
DA:1001,0
DA:1002,0
DA:1004,0
DA:1005,0
DA:1006,0
DA:1008,0
DA:1010,0
DA:1011,0
DA:1012,0
DA:1015,0
DA:1016,0
DA:1017,0
DA:1020,0
DA:1021,0
DA:1022,0
DA:1023,0
DA:1024,0
DA:1026,0
DA:1027,0
DA:1028,0
DA:1030,0
DA:1031,0
DA:1034,0
DA:1035,0
DA:1036,0
DA:1037,0
DA:1038,0
DA:1039,0
DA:1040,0
DA:1041,0
DA:1043,0
DA:1044,0
DA:1046,0
DA:1049,0
DA:1050,0
DA:1054,0
DA:1055,0
DA:1057,0
DA:1058,0
DA:1060,0
DA:1061,0
DA:1063,0
DA:1065,0
DA:1067,0
DA:1076,0
DA:1077,0
DA:1078,0
DA:1079,0
DA:1082,0
DA:1083,0
DA:1084,0
DA:1085,0
DA:1087,0
DA:1090,0
DA:1091,0
DA:1097,0
DA:1099,0
DA:1100,0
DA:1104,0
DA:1105,0
DA:1106,0
DA:1107,0
DA:1112,0
DA:1123,0
DA:1124,0
DA:1126,0
DA:1132,0
DA:1135,0
DA:1136,0
DA:1137,0
DA:1140,0
DA:1141,0
DA:1142,0
DA:1143,0
DA:1144,0
DA:1145,0
DA:1146,0
DA:1147,0
DA:1148,0
DA:1152,0
DA:1153,0
DA:1159,0
DA:1161,0
DA:1162,0
DA:1166,0
DA:1167,0
DA:1168,0
DA:1169,0
DA:1170,0
DA:1175,0
DA:1176,0
DA:1177,0
DA:1179,0
DA:1184,0
DA:1185,0
DA:1186,0
DA:1187,0
DA:1192,0
DA:1193,0
DA:1194,0
DA:1196,0
DA:1201,0
DA:1202,0
DA:1206,0
DA:1207,0
DA:1208,0
DA:1209,0
DA:1210,0
DA:1211,0
DA:1212,0
DA:1213,0
DA:1214,0
DA:1215,0
DA:1217,0
DA:1218,0
DA:1221,0
DA:1225,0
DA:1226,0
DA:1227,0
DA:1230,0
DA:1231,0
DA:1232,0
DA:1233,0
DA:1243,0
DA:1244,0
DA:1245,0
DA:1246,0
DA:1249,0
DA:1250,0
DA:1251,0
DA:1252,0
DA:1253,0
DA:1254,0
DA:1256,0
DA:1257,0
DA:1258,0
DA:1259,0
DA:1261,0
DA:1262,0
DA:1263,0
DA:1265,0
DA:1266,0
DA:1269,0
DA:1270,0
DA:1272,0
DA:1273,0
DA:1274,0
DA:1277,0
DA:1278,0
DA:1280,0
DA:1281,0
DA:1282,0
DA:1284,0
DA:1285,0
DA:1286,0
DA:1287,0
DA:1289,0
DA:1290,0
DA:1291,0
DA:1293,0
DA:1294,0
DA:1295,0
DA:1297,0
DA:1298,0
DA:1299,0
DA:1301,0
DA:1302,0
DA:1303,0
DA:1307,0
DA:1308,0
DA:1309,0
DA:1312,0
DA:1313,0
DA:1314,0
DA:1317,0
DA:1319,0
DA:1320,0
DA:1321,0
DA:1324,0
DA:1325,0
DA:1326,0
DA:1329,0
DA:1330,0
DA:1331,0
DA:1335,0
DA:1336,0
DA:1337,0
DA:1338,0
DA:1339,0
DA:1340,0
DA:1343,0
DA:1345,0
DA:1346,0
DA:1348,0
DA:1349,0
DA:1350,0
DA:1352,0
DA:1362,0
DA:1363,0
DA:1366,0
DA:1368,0
DA:1369,0
DA:1370,0
DA:1372,0
DA:1382,0
DA:1383,0
DA:1386,0
DA:1388,0
DA:1389,0
DA:1398,0
DA:1399,0
DA:1402,0
DA:1406,0
DA:1422,0
DA:1424,0
DA:1425,0
DA:1447,0
DA:1450,0
DA:1453,0
DA:1454,0
DA:1461,0
DA:1462,0
DA:1480,0
DA:1481,0
DA:1482,0
DA:1521,0
DA:1529,0
DA:1531,0
DA:1532,0
DA:1560,0
DA:1561,0
DA:1585,0
DA:1586,0
DA:1587,0
DA:1588,0
DA:1589,0
DA:1591,0
DA:1593,0
DA:1594,0
DA:1596,0
DA:1597,0
DA:1599,0
DA:1600,0
DA:1601,0
DA:1602,0
DA:1603,0
DA:1604,0
DA:1607,0
DA:1609,0
DA:1611,0
DA:1612,0
DA:1613,0
DA:1614,0
DA:1616,0
DA:1617,0
DA:1618,0
DA:1620,0
DA:1623,0
DA:1624,0
DA:1625,0
DA:1626,0
DA:1628,0
DA:1629,0
DA:1630,0
DA:1632,0
DA:1635,0
DA:1636,0
DA:1637,0
DA:1638,0
DA:1639,0
DA:1641,0
DA:1646,0
DA:1655,0
DA:1656,0
DA:1657,0
DA:1670,0
DA:1678,0
DA:1681,0
DA:1791,0
DA:1878,0
DA:1914,0
DA:1915,0
DA:1917,0
DA:1918,0
DA:1919,0
DA:1920,0
DA:1921,0
DA:1922,0
DA:1923,0
DA:1926,0
DA:1928,0
DA:1930,0
DA:1931,0
DA:1932,0
DA:1933,0
DA:1934,0
DA:1940,0
DA:1941,0
DA:1942,0
DA:1943,0
DA:1944,0
DA:1950,0
DA:1951,0
DA:1952,0
DA:1953,0
DA:1954,0
DA:1962,0
DA:1968,0
DA:1978,0
DA:2007,0
DA:2010,0
DA:2021,0
DA:2054,0
DA:2105,0
DA:2119,0
DA:2132,0
DA:2133,0
DA:2137,0
DA:2141,0
DA:2142,0
DA:2149,0
DA:2150,0
DA:2161,0
DA:2170,0
DA:2175,0
DA:2181,0
DA:2182,0
DA:2183,0
DA:2184,0
DA:2185,0
DA:2189,0
DA:2190,0
DA:2191,0
DA:2192,0
DA:2193,0
DA:2194,0
DA:2195,0
DA:2196,0
DA:2197,0
DA:2198,0
DA:2199,0
DA:2200,0
DA:2202,0
DA:2203,0
DA:2204,0
DA:2205,0
DA:2207,0
DA:2208,0
DA:2210,0
DA:2212,0
DA:2215,0
DA:2216,0
DA:2217,0
DA:2218,0
DA:2219,0
DA:2222,0
DA:2223,0
DA:2224,0
DA:2225,0
DA:2229,0
DA:2231,0
DA:2233,0
DA:2234,0
DA:2237,0
DA:2239,0
DA:2241,0
DA:2242,0
DA:2243,0
DA:2245,0
DA:2246,0
DA:2247,0
DA:2249,0
DA:2250,0
DA:2251,0
DA:2252,0
DA:2253,0
DA:2255,0
DA:2256,0
DA:2257,0
DA:2259,0
DA:2260,0
DA:2263,0
DA:2264,0
DA:2267,0
DA:2268,0
DA:2269,0
DA:2271,0
DA:2272,0
DA:2275,0
DA:2276,0
DA:2279,0
DA:2284,0
DA:2287,0
DA:2288,0
DA:2292,0
DA:2293,0
DA:2295,0
DA:2296,0
DA:2297,0
DA:2300,0
DA:2301,0
DA:2303,0
DA:2304,0
DA:2305,0
DA:2310,0
DA:2313,0
DA:2314,0
DA:2315,0
DA:2316,0
DA:2317,0
DA:2320,0
DA:2321,0
DA:2323,0
DA:2324,0
DA:2325,0
DA:2326,0
DA:2329,0
DA:2331,0
DA:2332,0
DA:2335,0
DA:2337,0
DA:2342,0
DA:2344,0
DA:2345,0
DA:2349,0
DA:2350,0
DA:2351,0
DA:2353,0
DA:2354,0
DA:2355,0
DA:2357,0
DA:2358,0
DA:2359,0
DA:2362,0
DA:2364,0
DA:2366,0
DA:2370,0
DA:2371,0
DA:2374,0
DA:2375,0
DA:2376,0
DA:2377,0
DA:2378,0
DA:2379,0
DA:2381,0
DA:2382,0
DA:2383,0
DA:2386,0
DA:2388,0
DA:2389,0
DA:2390,0
DA:2391,0
DA:2392,0
DA:2396,0
DA:2397,0
DA:2398,0
DA:2400,0
DA:2401,0
DA:2404,0
DA:2405,0
DA:2409,0
DA:2410,0
DA:2411,0
DA:2413,0
DA:2414,0
DA:2415,0
DA:2419,0
DA:2420,0
DA:2421,0
DA:2422,0
DA:2426,0
DA:2427,0
DA:2428,0
DA:2429,0
DA:2433,0
DA:2434,0
DA:2435,0
DA:2436,0
DA:2440,0
DA:2441,0
DA:2442,0
DA:2443,0
DA:2448,0
DA:2451,0
DA:2454,0
DA:2455,0
DA:2456,0
DA:2457,0
DA:2458,0
DA:2459,0
DA:2460,0
DA:2461,0
DA:2462,0
DA:2463,0
DA:2464,0
DA:2465,0
DA:2466,0
DA:2467,0
DA:2468,0
DA:2469,0
DA:2470,0
DA:2471,0
DA:2473,0
DA:2474,0
DA:2475,0
DA:2479,0
DA:2480,0
DA:2486,0
DA:2495,0
DA:2497,0
DA:2498,0
DA:2501,0
DA:2502,0
DA:2505,0
DA:2510,0
DA:2514,0
DA:2515,0
DA:2516,0
DA:2518,0
DA:2519,0
DA:2521,0
DA:2522,0
DA:2523,0
DA:2524,0
DA:2525,0
DA:2529,0
DA:2530,0
DA:2531,0
DA:2532,0
DA:2533,0
DA:2537,0
DA:2538,0
DA:2540,0
DA:2541,0
DA:2543,0
DA:2544,0
DA:2547,0
DA:2549,0
DA:2550,0
DA:2551,0
DA:2554,0
DA:2555,0
DA:2556,0
DA:2557,0
DA:2558,0
DA:2559,0
DA:2561,0
DA:2563,0
DA:2566,0
DA:2567,0
DA:2570,0
DA:2571,0
DA:2572,0
DA:2573,0
DA:2577,0
DA:2578,0
DA:2579,0
DA:2580,0
DA:2583,0
DA:2584,0
DA:2585,0
DA:2586,0
DA:2587,0
DA:2588,0
DA:2591,0
DA:2593,0
DA:2594,0
DA:2595,0
DA:2596,0
DA:2597,0
DA:2599,0
DA:2601,0
DA:2624,0
DA:2625,0
DA:2627,0
DA:2628,0
DA:2630,0
DA:2631,0
DA:2632,0
DA:2634,0
DA:2635,0
DA:2645,0
DA:2647,0
DA:2650,0
DA:2653,0
DA:2656,0
DA:2657,0
DA:2660,0
DA:2661,0
DA:2662,0
DA:2666,0
DA:2667,0
DA:2668,0
DA:2669,0
DA:2670,0
DA:2671,0
DA:2672,0
DA:2674,0
DA:2675,0
DA:2678,0
DA:2679,0
DA:2682,0
DA:2683,0
DA:2684,0
DA:2685,0
DA:2686,0
DA:2687,0
DA:2696,0
DA:2698,0
DA:2699,0
DA:2703,0
DA:2707,0
DA:2715,0
DA:2718,0
DA:2719,0
DA:2721,0
DA:2722,0
DA:2723,0
DA:2724,0
DA:2728,0
DA:2729,0
DA:2733,0
DA:2734,0
DA:2735,0
DA:2740,0
DA:2741,0
DA:2742,0
DA:2747,0
DA:2748,0
DA:2750,0
DA:2754,0
DA:2755,0
DA:2756,0
DA:2759,0
DA:2760,0
DA:2761,0
DA:2767,0
DA:2768,0
DA:2769,0
DA:2770,0
DA:2772,0
DA:2779,0
DA:2780,0
DA:2783,0
DA:2785,0
DA:2786,0
DA:2791,0
DA:2794,0
DA:2796,0
DA:2797,0
DA:2802,0
DA:2809,0
DA:2817,0
DA:2818,0
DA:2819,0
DA:2820,0
DA:2821,0
DA:2824,0
DA:2825,0
DA:2826,0
DA:2827,0
DA:2831,0
DA:2833,0
DA:2837,0
DA:2840,0
DA:2843,0
DA:2844,0
DA:2845,0
DA:2846,0
DA:2847,0
DA:2848,0
DA:2853,0
DA:2858,0
DA:2859,0
DA:2860,0
DA:2861,0
DA:2862,0
DA:2863,0
DA:2864,0
DA:2865,0
DA:2866,0
DA:2869,0
DA:2877,0
DA:2880,0
DA:2882,0
DA:2883,0
DA:2884,0
DA:2885,0
DA:2893,0
DA:2897,0
DA:2907,0
DA:2908,0
DA:2911,0
DA:2912,0
DA:2915,0
DA:2919,0
DA:2920,0
DA:2931,0
DA:2932,0
DA:2937,0
DA:2938,0
DA:2939,0
DA:2940,0
DA:2941,0
DA:2946,0
DA:2947,0
DA:2956,0
DA:2957,0
DA:2960,0
DA:2961,0
DA:2972,0
DA:2981,0
DA:2988,0
DA:3002,0
DA:3003,0
DA:3014,0
DA:3023,0
DA:3030,0
DA:3044,0
DA:3045,0
DA:3054,0
DA:3059,0
DA:3060,0
DA:3061,0
DA:3062,0
DA:3063,0
DA:3064,0
DA:3066,0
DA:3069,0
DA:3070,0
DA:3071,0
DA:3072,0
DA:3078,0
DA:3091,0
LF:1017
LH:0
BRDA:33,0,0,0
BRDA:33,0,1,0
BRDA:37,1,0,0
BRDA:37,1,1,0
BRDA:40,2,0,0
BRDA:40,2,1,0
BRDA:43,3,0,0
BRDA:43,3,1,0
BRDA:52,4,0,0
BRDA:52,4,1,0
BRDA:73,5,0,0
BRDA:73,5,1,0
BRDA:79,6,0,0
BRDA:79,6,1,0
BRDA:82,7,0,0
BRDA:82,7,1,0
BRDA:112,8,0,0
BRDA:112,8,1,0
BRDA:163,9,0,0
BRDA:163,9,1,0
BRDA:164,10,0,0
BRDA:164,10,1,0
BRDA:165,11,0,0
BRDA:165,11,1,0
BRDA:166,12,0,0
BRDA:166,12,1,0
BRDA:167,13,0,0
BRDA:167,13,1,0
BRDA:168,14,0,0
BRDA:168,14,1,0
BRDA:169,15,0,0
BRDA:169,15,1,0
BRDA:176,16,0,0
BRDA:176,16,1,0
BRDA:177,17,0,0
BRDA:177,17,1,0
BRDA:178,18,0,0
BRDA:178,18,1,0
BRDA:188,19,0,0
BRDA:188,19,1,0
BRDA:201,20,0,0
BRDA:201,20,1,0
BRDA:202,21,0,0
BRDA:202,21,1,0
BRDA:215,22,0,0
BRDA:215,22,1,0
BRDA:229,23,0,0
BRDA:229,23,1,0
BRDA:249,24,0,0
BRDA:249,24,1,0
BRDA:265,25,0,0
BRDA:265,25,1,0
BRDA:265,26,0,0
BRDA:265,26,1,0
BRDA:266,27,0,0
BRDA:266,27,1,0
BRDA:269,28,0,0
BRDA:269,28,1,0
BRDA:269,29,0,0
BRDA:269,29,1,0
BRDA:269,29,2,0
BRDA:279,30,0,0
BRDA:279,30,1,0
BRDA:279,31,0,0
BRDA:279,31,1,0
BRDA:284,32,0,0
BRDA:284,32,1,0
BRDA:290,33,0,0
BRDA:290,33,1,0
BRDA:298,34,0,0
BRDA:298,34,1,0
BRDA:300,35,0,0
BRDA:300,35,1,0
BRDA:307,36,0,0
BRDA:307,36,1,0
BRDA:313,37,0,0
BRDA:313,37,1,0
BRDA:319,38,0,0
BRDA:319,38,1,0
BRDA:319,38,2,0
BRDA:325,39,0,0
BRDA:325,39,1,0
BRDA:325,40,0,0
BRDA:325,40,1,0
BRDA:328,41,0,0
BRDA:328,41,1,0
BRDA:328,42,0,0
BRDA:328,42,1,0
BRDA:328,42,2,0
BRDA:333,43,0,0
BRDA:333,43,1,0
BRDA:335,44,0,0
BRDA:335,44,1,0
BRDA:335,45,0,0
BRDA:335,45,1,0
BRDA:336,46,0,0
BRDA:336,46,1,0
BRDA:354,47,0,0
BRDA:354,47,1,0
BRDA:355,48,0,0
BRDA:355,48,1,0
BRDA:356,49,0,0
BRDA:356,49,1,0
BRDA:357,50,0,0
BRDA:357,50,1,0
BRDA:358,51,0,0
BRDA:358,51,1,0
BRDA:374,52,0,0
BRDA:374,52,1,0
BRDA:375,53,0,0
BRDA:375,53,1,0
BRDA:384,54,0,0
BRDA:384,54,1,0
BRDA:385,55,0,0
BRDA:385,55,1,0
BRDA:394,56,0,0
BRDA:394,56,1,0
BRDA:401,57,0,0
BRDA:401,57,1,0
BRDA:454,58,0,0
BRDA:454,58,1,0
BRDA:464,59,0,0
BRDA:464,59,1,0
BRDA:476,60,0,0
BRDA:476,60,1,0
BRDA:480,61,0,0
BRDA:480,61,1,0
BRDA:486,62,0,0
BRDA:486,62,1,0
BRDA:489,63,0,0
BRDA:489,63,1,0
BRDA:491,64,0,0
BRDA:491,64,1,0
BRDA:506,65,0,0
BRDA:506,65,1,0
BRDA:507,66,0,0
BRDA:507,66,1,0
BRDA:514,67,0,0
BRDA:514,67,1,0
BRDA:515,68,0,0
BRDA:515,68,1,0
BRDA:516,69,0,0
BRDA:516,69,1,0
BRDA:518,70,0,0
BRDA:518,70,1,0
BRDA:536,71,0,0
BRDA:536,71,1,0
BRDA:552,72,0,0
BRDA:552,72,1,0
BRDA:557,73,0,0
BRDA:557,73,1,0
BRDA:589,74,0,0
BRDA:589,74,1,0
BRDA:676,75,0,0
BRDA:676,75,1,0
BRDA:682,76,0,0
BRDA:682,76,1,0
BRDA:683,77,0,0
BRDA:683,77,1,0
BRDA:685,78,0,0
BRDA:685,78,1,0
BRDA:694,79,0,0
BRDA:694,79,1,0
BRDA:710,80,0,0
BRDA:710,80,1,0
BRDA:710,81,0,0
BRDA:710,81,1,0
BRDA:710,81,2,0
BRDA:724,82,0,0
BRDA:724,82,1,0
BRDA:727,83,0,0
BRDA:727,83,1,0
BRDA:727,84,0,0
BRDA:727,84,1,0
BRDA:732,85,0,0
BRDA:732,85,1,0
BRDA:733,86,0,0
BRDA:733,86,1,0
BRDA:734,87,0,0
BRDA:734,87,1,0
BRDA:738,88,0,0
BRDA:738,88,1,0
BRDA:746,89,0,0
BRDA:746,89,1,0
BRDA:748,90,0,0
BRDA:748,90,1,0
BRDA:749,91,0,0
BRDA:749,91,1,0
BRDA:750,92,0,0
BRDA:750,92,1,0
BRDA:755,93,0,0
BRDA:755,93,1,0
BRDA:761,94,0,0
BRDA:761,94,1,0
BRDA:763,95,0,0
BRDA:763,95,1,0
BRDA:764,96,0,0
BRDA:764,96,1,0
BRDA:765,97,0,0
BRDA:765,97,1,0
BRDA:768,98,0,0
BRDA:768,98,1,0
BRDA:774,99,0,0
BRDA:774,99,1,0
BRDA:780,100,0,0
BRDA:780,100,1,0
BRDA:780,100,2,0
BRDA:796,101,0,0
BRDA:796,101,1,0
BRDA:809,102,0,0
BRDA:809,102,1,0
BRDA:821,103,0,0
BRDA:821,103,1,0
BRDA:824,104,0,0
BRDA:824,104,1,0
BRDA:827,105,0,0
BRDA:827,105,1,0
BRDA:833,106,0,0
BRDA:833,106,1,0
BRDA:836,107,0,0
BRDA:836,107,1,0
BRDA:838,108,0,0
BRDA:838,108,1,0
BRDA:851,109,0,0
BRDA:851,109,1,0
BRDA:856,110,0,0
BRDA:856,110,1,0
BRDA:857,111,0,0
BRDA:857,111,1,0
BRDA:864,112,0,0
BRDA:864,112,1,0
BRDA:865,113,0,0
BRDA:865,113,1,0
BRDA:866,114,0,0
BRDA:866,114,1,0
BRDA:868,115,0,0
BRDA:868,115,1,0
BRDA:884,116,0,0
BRDA:884,116,1,0
BRDA:885,117,0,0
BRDA:885,117,1,0
BRDA:886,118,0,0
BRDA:886,118,1,0
BRDA:912,119,0,0
BRDA:912,119,1,0
BRDA:922,120,0,0
BRDA:922,120,1,0
BRDA:926,121,0,0
BRDA:926,121,1,0
BRDA:929,122,0,0
BRDA:929,122,1,0
BRDA:932,123,0,0
BRDA:932,123,1,0
BRDA:936,124,0,0
BRDA:936,124,1,0
BRDA:937,125,0,0
BRDA:937,125,1,0
BRDA:945,126,0,0
BRDA:945,126,1,0
BRDA:946,127,0,0
BRDA:946,127,1,0
BRDA:949,128,0,0
BRDA:949,128,1,0
BRDA:950,129,0,0
BRDA:950,129,1,0
BRDA:953,130,0,0
BRDA:953,130,1,0
BRDA:958,131,0,0
BRDA:958,131,1,0
BRDA:959,132,0,0
BRDA:959,132,1,0
BRDA:960,133,0,0
BRDA:960,133,1,0
BRDA:960,134,0,0
BRDA:960,134,1,0
BRDA:960,135,0,0
BRDA:960,135,1,0
BRDA:969,136,0,0
BRDA:969,136,1,0
BRDA:982,137,0,0
BRDA:982,137,1,0
BRDA:986,138,0,0
BRDA:986,138,1,0
BRDA:999,139,0,0
BRDA:999,139,1,0
BRDA:999,140,0,0
BRDA:999,140,1,0
BRDA:999,140,2,0
BRDA:999,140,3,0
BRDA:1002,141,0,0
BRDA:1002,141,1,0
BRDA:1002,142,0,0
BRDA:1002,142,1,0
BRDA:1002,142,2,0
BRDA:1002,142,3,0
BRDA:1012,143,0,0
BRDA:1012,143,1,0
BRDA:1015,144,0,0
BRDA:1015,144,1,0
BRDA:1015,145,0,0
BRDA:1015,145,1,0
BRDA:1020,146,0,0
BRDA:1020,146,1,0
BRDA:1026,147,0,0
BRDA:1026,147,1,0
BRDA:1034,148,0,0
BRDA:1034,148,1,0
BRDA:1036,149,0,0
BRDA:1036,149,1,0
BRDA:1043,150,0,0
BRDA:1043,150,1,0
BRDA:1049,151,0,0
BRDA:1049,151,1,0
BRDA:1055,152,0,0
BRDA:1055,152,1,0
BRDA:1055,152,2,0
BRDA:1058,153,0,0
BRDA:1058,153,1,0
BRDA:1060,154,0,0
BRDA:1060,154,1,0
BRDA:1060,155,0,0
BRDA:1060,155,1,0
BRDA:1061,156,0,0
BRDA:1061,156,1,0
BRDA:1090,157,0,0
BRDA:1090,157,1,0
BRDA:1141,158,0,0
BRDA:1141,158,1,0
BRDA:1146,159,0,0
BRDA:1146,159,1,0
BRDA:1152,160,0,0
BRDA:1152,160,1,0
BRDA:1167,161,0,0
BRDA:1167,161,1,0
BRDA:1169,162,0,0
BRDA:1169,162,1,0
BRDA:1172,163,0,0
BRDA:1172,163,1,0
BRDA:1175,164,0,0
BRDA:1175,164,1,0
BRDA:1175,165,0,0
BRDA:1175,165,1,0
BRDA:1175,165,2,0
BRDA:1184,166,0,0
BRDA:1184,166,1,0
BRDA:1186,167,0,0
BRDA:1186,167,1,0
BRDA:1189,168,0,0
BRDA:1189,168,1,0
BRDA:1192,169,0,0
BRDA:1192,169,1,0
BRDA:1192,170,0,0
BRDA:1192,170,1,0
BRDA:1192,170,2,0
BRDA:1201,171,0,0
BRDA:1201,171,1,0
BRDA:1209,172,0,0
BRDA:1209,172,1,0
BRDA:1210,173,0,0
BRDA:1210,173,1,0
BRDA:1212,174,0,0
BRDA:1212,174,1,0
BRDA:1214,175,0,0
BRDA:1214,175,1,0
BRDA:1217,176,0,0
BRDA:1217,176,1,0
BRDA:1217,177,0,0
BRDA:1217,177,1,0
BRDA:1217,177,2,0
BRDA:1232,178,0,0
BRDA:1232,178,1,0
BRDA:1237,179,0,0
BRDA:1237,179,1,0
BRDA:1252,180,0,0
BRDA:1252,180,1,0
BRDA:1253,181,0,0
BRDA:1253,181,1,0
BRDA:1254,182,0,0
BRDA:1254,182,1,0
BRDA:1256,183,0,0
BRDA:1256,183,1,0
BRDA:1257,184,0,0
BRDA:1257,184,1,0
BRDA:1258,185,0,0
BRDA:1258,185,1,0
BRDA:1261,186,0,0
BRDA:1261,186,1,0
BRDA:1261,187,0,0
BRDA:1261,187,1,0
BRDA:1261,187,2,0
BRDA:1272,188,0,0
BRDA:1272,188,1,0
BRDA:1272,189,0,0
BRDA:1272,189,1,0
BRDA:1280,190,0,0
BRDA:1280,190,1,0
BRDA:1293,191,0,0
BRDA:1293,191,1,0
BRDA:1294,192,0,0
BRDA:1294,192,1,0
BRDA:1294,193,0,0
BRDA:1294,193,1,0
BRDA:1295,194,0,0
BRDA:1295,194,1,0
BRDA:1295,195,0,0
BRDA:1295,195,1,0
BRDA:1297,196,0,0
BRDA:1297,196,1,0
BRDA:1298,197,0,0
BRDA:1298,197,1,0
BRDA:1298,198,0,0
BRDA:1298,198,1,0
BRDA:1299,199,0,0
BRDA:1299,199,1,0
BRDA:1299,200,0,0
BRDA:1299,200,1,0
BRDA:1301,201,0,0
BRDA:1301,201,1,0
BRDA:1302,202,0,0
BRDA:1302,202,1,0
BRDA:1302,203,0,0
BRDA:1302,203,1,0
BRDA:1303,204,0,0
BRDA:1303,204,1,0
BRDA:1303,205,0,0
BRDA:1303,205,1,0
BRDA:1307,206,0,0
BRDA:1307,206,1,0
BRDA:1312,207,0,0
BRDA:1312,207,1,0
BRDA:1319,208,0,0
BRDA:1319,208,1,0
BRDA:1319,209,0,0
BRDA:1319,209,1,0
BRDA:1324,210,0,0
BRDA:1324,210,1,0
BRDA:1329,211,0,0
BRDA:1329,211,1,0
BRDA:1337,212,0,0
BRDA:1337,212,1,0
BRDA:1340,213,0,0
BRDA:1340,213,1,0
BRDA:1343,214,0,0
BRDA:1343,214,1,0
BRDA:1346,215,0,0
BRDA:1346,215,1,0
BRDA:1348,216,0,0
BRDA:1348,216,1,0
BRDA:1349,217,0,0
BRDA:1349,217,1,0
BRDA:1350,218,0,0
BRDA:1350,218,1,0
BRDA:1362,219,0,0
BRDA:1362,219,1,0
BRDA:1368,220,0,0
BRDA:1368,220,1,0
BRDA:1369,221,0,0
BRDA:1369,221,1,0
BRDA:1370,222,0,0
BRDA:1370,222,1,0
BRDA:1382,223,0,0
BRDA:1382,223,1,0
BRDA:1388,224,0,0
BRDA:1388,224,1,0
BRDA:1398,225,0,0
BRDA:1398,225,1,0
BRDA:1419,226,0,0
BRDA:1419,226,1,0
BRDA:1453,227,0,0
BRDA:1453,227,1,0
BRDA:1461,228,0,0
BRDA:1461,228,1,0
BRDA:1470,229,0,0
BRDA:1470,229,1,0
BRDA:1480,230,0,0
BRDA:1480,230,1,0
BRDA:1481,231,0,0
BRDA:1481,231,1,0
BRDA:1529,232,0,0
BRDA:1529,232,1,0
BRDA:1529,232,2,0
BRDA:1531,233,0,0
BRDA:1531,233,1,0
BRDA:1531,234,0,0
BRDA:1531,234,1,0
BRDA:1548,235,0,0
BRDA:1548,235,1,0
BRDA:1548,236,0,0
BRDA:1548,236,1,0
BRDA:1560,237,0,0
BRDA:1560,237,1,0
BRDA:1560,238,0,0
BRDA:1560,238,1,0
BRDA:1576,239,0,0
BRDA:1576,239,1,0
BRDA:1576,240,0,0
BRDA:1576,240,1,0
BRDA:1587,241,0,0
BRDA:1587,241,1,0
BRDA:1588,242,0,0
BRDA:1588,242,1,0
BRDA:1589,243,0,0
BRDA:1589,243,1,0
BRDA:1591,244,0,0
BRDA:1591,244,1,0
BRDA:1593,245,0,0
BRDA:1593,245,1,0
BRDA:1601,246,0,0
BRDA:1601,246,1,0
BRDA:1601,247,0,0
BRDA:1601,247,1,0
BRDA:1604,248,0,0
BRDA:1604,248,1,0
BRDA:1607,249,0,0
BRDA:1607,249,1,0
BRDA:1611,250,0,0
BRDA:1611,250,1,0
BRDA:1613,251,0,0
BRDA:1613,251,1,0
BRDA:1614,252,0,0
BRDA:1614,252,1,0
BRDA:1616,253,0,0
BRDA:1616,253,1,0
BRDA:1617,254,0,0
BRDA:1617,254,1,0
BRDA:1618,255,0,0
BRDA:1618,255,1,0
BRDA:1620,256,0,0
BRDA:1620,256,1,0
BRDA:1623,257,0,0
BRDA:1623,257,1,0
BRDA:1625,258,0,0
BRDA:1625,258,1,0
BRDA:1626,259,0,0
BRDA:1626,259,1,0
BRDA:1628,260,0,0
BRDA:1628,260,1,0
BRDA:1629,261,0,0
BRDA:1629,261,1,0
BRDA:1635,262,0,0
BRDA:1635,262,1,0
BRDA:1637,263,0,0
BRDA:1637,263,1,0
BRDA:1638,264,0,0
BRDA:1638,264,1,0
BRDA:1639,265,0,0
BRDA:1639,265,1,0
BRDA:1641,266,0,0
BRDA:1641,266,1,0
BRDA:1663,267,0,0
BRDA:1663,267,1,0
BRDA:1669,268,0,0
BRDA:1669,268,1,0
BRDA:1758,269,0,0
BRDA:1758,269,1,0
BRDA:1787,270,0,0
BRDA:1787,270,1,0
BRDA:1914,271,0,0
BRDA:1914,271,1,0
BRDA:1920,272,0,0
BRDA:1920,272,1,0
BRDA:1920,273,0,0
BRDA:1920,273,1,0
BRDA:1923,274,0,0
BRDA:1923,274,1,0
BRDA:1926,275,0,0
BRDA:1926,275,1,0
BRDA:1930,276,0,0
BRDA:1930,276,1,0
BRDA:1931,277,0,0
BRDA:1931,277,1,0
BRDA:1932,278,0,0
BRDA:1932,278,1,0
BRDA:1933,279,0,0
BRDA:1933,279,1,0
BRDA:1933,280,0,0
BRDA:1933,280,1,0
BRDA:1940,281,0,0
BRDA:1940,281,1,0
BRDA:1941,282,0,0
BRDA:1941,282,1,0
BRDA:1942,283,0,0
BRDA:1942,283,1,0
BRDA:1943,284,0,0
BRDA:1943,284,1,0
BRDA:1943,285,0,0
BRDA:1943,285,1,0
BRDA:1950,286,0,0
BRDA:1950,286,1,0
BRDA:1952,287,0,0
BRDA:1952,287,1,0
BRDA:1953,288,0,0
BRDA:1953,288,1,0
BRDA:1953,289,0,0
BRDA:1953,289,1,0
BRDA:1975,290,0,0
BRDA:1975,290,1,0
BRDA:1980,291,0,0
BRDA:1980,291,1,0
BRDA:2037,292,0,0
BRDA:2037,292,1,0
BRDA:2037,293,0,0
BRDA:2037,293,1,0
BRDA:2040,294,0,0
BRDA:2040,294,1,0
BRDA:2074,295,0,0
BRDA:2074,295,1,0
BRDA:2080,296,0,0
BRDA:2080,296,1,0
BRDA:2081,297,0,0
BRDA:2081,297,1,0
BRDA:2110,298,0,0
BRDA:2110,298,1,0
BRDA:2149,299,0,0
BRDA:2149,299,1,0
BRDA:2156,300,0,0
BRDA:2156,300,1,0
BRDA:2158,301,0,0
BRDA:2158,301,1,0
BRDA:2208,302,0,0
BRDA:2208,302,1,0
BRDA:2208,302,2,0
BRDA:2208,302,3,0
BRDA:2210,303,0,0
BRDA:2210,303,1,0
BRDA:2210,303,2,0
BRDA:2210,303,3,0
BRDA:2212,304,0,0
BRDA:2212,304,1,0
BRDA:2215,305,0,0
BRDA:2218,306,0,0
BRDA:2218,306,1,0
BRDA:2222,307,0,0
BRDA:2222,307,1,0
BRDA:2222,308,0,0
BRDA:2222,308,1,0
BRDA:2224,309,0,0
BRDA:2224,309,1,0
BRDA:2233,310,0,0
BRDA:2233,310,1,0
BRDA:2255,311,0,0
BRDA:2255,311,1,0
BRDA:2259,312,0,0
BRDA:2259,312,1,0
BRDA:2259,313,0,0
BRDA:2259,313,1,0
BRDA:2260,314,0,0
BRDA:2260,314,1,0
BRDA:2260,315,0,0
BRDA:2260,315,1,0
BRDA:2263,316,0,0
BRDA:2263,316,1,0
BRDA:2267,317,0,0
BRDA:2267,317,1,0
BRDA:2271,318,0,0
BRDA:2271,318,1,0
BRDA:2271,319,0,0
BRDA:2271,319,1,0
BRDA:2272,320,0,0
BRDA:2272,320,1,0
BRDA:2272,321,0,0
BRDA:2272,321,1,0
BRDA:2293,322,0,0
BRDA:2293,322,1,0
BRDA:2296,323,0,0
BRDA:2296,323,1,0
BRDA:2303,324,0,0
BRDA:2303,324,1,0
BRDA:2303,325,0,0
BRDA:2303,325,1,0
BRDA:2304,326,0,0
BRDA:2304,326,1,0
BRDA:2304,327,0,0
BRDA:2304,327,1,0
BRDA:2316,328,0,0
BRDA:2316,328,1,0
BRDA:2316,329,0,0
BRDA:2316,329,1,0
BRDA:2323,330,0,0
BRDA:2323,330,1,0
BRDA:2331,331,0,0
BRDA:2331,331,1,0
BRDA:2335,332,0,0
BRDA:2335,332,1,0
BRDA:2382,333,0,0
BRDA:2382,333,1,0
BRDA:2382,334,0,0
BRDA:2382,334,1,0
BRDA:2388,335,0,0
BRDA:2388,335,1,0
BRDA:2390,336,0,0
BRDA:2390,336,1,0
BRDA:2390,337,0,0
BRDA:2390,337,1,0
BRDA:2391,338,0,0
BRDA:2391,338,1,0
BRDA:2392,339,0,0
BRDA:2392,339,1,0
BRDA:2396,340,0,0
BRDA:2396,340,1,0
BRDA:2396,341,0,0
BRDA:2396,341,1,0
BRDA:2396,341,2,0
BRDA:2396,341,3,0
BRDA:2397,342,0,0
BRDA:2397,342,1,0
BRDA:2397,342,2,0
BRDA:2398,343,0,0
BRDA:2398,343,1,0
BRDA:2398,343,2,0
BRDA:2400,344,0,0
BRDA:2400,344,1,0
BRDA:2400,345,0,0
BRDA:2400,345,1,0
BRDA:2401,346,0,0
BRDA:2401,346,1,0
BRDA:2404,347,0,0
BRDA:2404,347,1,0
BRDA:2404,348,0,0
BRDA:2404,348,1,0
BRDA:2405,349,0,0
BRDA:2405,349,1,0
BRDA:2409,350,0,0
BRDA:2409,350,1,0
BRDA:2410,351,0,0
BRDA:2410,351,1,0
BRDA:2410,352,0,0
BRDA:2410,352,1,0
BRDA:2413,353,0,0
BRDA:2413,353,1,0
BRDA:2414,354,0,0
BRDA:2414,354,1,0
BRDA:2414,355,0,0
BRDA:2414,355,1,0
BRDA:2419,356,0,0
BRDA:2419,356,1,0
BRDA:2421,357,0,0
BRDA:2421,357,1,0
BRDA:2421,358,0,0
BRDA:2421,358,1,0
BRDA:2421,358,2,0
BRDA:2422,359,0,0
BRDA:2422,359,1,0
BRDA:2426,360,0,0
BRDA:2426,360,1,0
BRDA:2428,361,0,0
BRDA:2428,361,1,0
BRDA:2428,362,0,0
BRDA:2428,362,1,0
BRDA:2428,362,2,0
BRDA:2429,363,0,0
BRDA:2429,363,1,0
BRDA:2433,364,0,0
BRDA:2433,364,1,0
BRDA:2433,365,0,0
BRDA:2433,365,1,0
BRDA:2435,366,0,0
BRDA:2435,366,1,0
BRDA:2435,367,0,0
BRDA:2435,367,1,0
BRDA:2435,367,2,0
BRDA:2436,368,0,0
BRDA:2436,368,1,0
BRDA:2440,369,0,0
BRDA:2440,369,1,0
BRDA:2440,370,0,0
BRDA:2440,370,1,0
BRDA:2442,371,0,0
BRDA:2442,371,1,0
BRDA:2442,372,0,0
BRDA:2442,372,1,0
BRDA:2442,372,2,0
BRDA:2443,373,0,0
BRDA:2443,373,1,0
BRDA:2458,374,0,0
BRDA:2458,374,1,0
BRDA:2464,375,0,0
BRDA:2464,375,1,0
BRDA:2471,376,0,0
BRDA:2471,376,1,0
BRDA:2471,376,2,0
BRDA:2471,376,3,0
BRDA:2471,376,4,0
BRDA:2473,377,0,0
BRDA:2473,377,1,0
BRDA:2488,378,0,0
BRDA:2488,378,1,0
BRDA:2489,379,0,0
BRDA:2489,379,1,0
BRDA:2490,380,0,0
BRDA:2490,380,1,0
BRDA:2491,381,0,0
BRDA:2491,381,1,0
BRDA:2492,382,0,0
BRDA:2492,382,1,0
BRDA:2497,383,0,0
BRDA:2497,383,1,0
BRDA:2501,384,0,0
BRDA:2501,384,1,0
BRDA:2514,385,0,0
BRDA:2523,386,0,0
BRDA:2523,386,1,0
BRDA:2525,387,0,0
BRDA:2525,387,1,0
BRDA:2529,388,0,0
BRDA:2529,388,1,0
BRDA:2529,389,0,0
BRDA:2529,389,1,0
BRDA:2541,390,0,0
BRDA:2541,390,1,0
BRDA:2549,391,0,0
BRDA:2549,391,1,0
BRDA:2555,392,0,0
BRDA:2555,392,1,0
BRDA:2558,393,0,0
BRDA:2558,393,1,0
BRDA:2567,394,0,0
BRDA:2567,394,1,0
BRDA:2572,395,0,0
BRDA:2572,395,1,0
BRDA:2572,396,0,0
BRDA:2572,396,1,0
BRDA:2572,396,2,0
BRDA:2577,397,0,0
BRDA:2577,397,1,0
BRDA:2586,398,0,0
BRDA:2586,398,1,0
BRDA:2611,399,0,0
BRDA:2611,399,1,0
BRDA:2612,400,0,0
BRDA:2612,400,1,0
BRDA:2624,401,0,0
BRDA:2624,401,1,0
BRDA:2627,402,0,0
BRDA:2627,402,1,0
BRDA:2630,403,0,0
BRDA:2630,403,1,0
BRDA:2632,404,0,0
BRDA:2632,404,1,0
BRDA:2637,405,0,0
BRDA:2637,405,1,0
BRDA:2638,406,0,0
BRDA:2638,406,1,0
BRDA:2639,407,0,0
BRDA:2639,407,1,0
BRDA:2640,408,0,0
BRDA:2640,408,1,0
BRDA:2641,409,0,0
BRDA:2641,409,1,0
BRDA:2668,410,0,0
BRDA:2668,410,1,0
BRDA:2668,411,0,0
BRDA:2668,411,1,0
BRDA:2669,412,0,0
BRDA:2669,412,1,0
BRDA:2669,412,2,0
BRDA:2672,413,0,0
BRDA:2672,413,1,0
BRDA:2674,414,0,0
BRDA:2674,414,1,0
BRDA:2674,415,0,0
BRDA:2674,415,1,0
BRDA:2684,416,0,0
BRDA:2684,416,1,0
BRDA:2696,417,0,0
BRDA:2696,417,1,0
BRDA:2698,418,0,0
BRDA:2698,418,1,0
BRDA:2721,419,0,0
BRDA:2721,419,1,0
BRDA:2734,420,0,0
BRDA:2734,420,1,0
BRDA:2741,421,0,0
BRDA:2741,421,1,0
BRDA:2741,422,0,0
BRDA:2741,422,1,0
BRDA:2741,422,2,0
BRDA:2741,422,3,0
BRDA:2748,423,0,0
BRDA:2748,423,1,0
BRDA:2748,424,0,0
BRDA:2748,424,1,0
BRDA:2748,424,2,0
BRDA:2756,425,0,0
BRDA:2756,425,1,0
BRDA:2760,426,0,0
BRDA:2760,426,1,0
BRDA:2760,427,0,0
BRDA:2760,427,1,0
BRDA:2760,427,2,0
BRDA:2783,428,0,0
BRDA:2783,428,1,0
BRDA:2783,429,0,0
BRDA:2783,429,1,0
BRDA:2794,430,0,0
BRDA:2794,430,1,0
BRDA:2794,431,0,0
BRDA:2794,431,1,0
BRDA:2819,432,0,0
BRDA:2819,432,1,0
BRDA:2843,433,0,0
BRDA:2843,433,1,0
BRDA:2843,434,0,0
BRDA:2843,434,1,0
BRDA:2847,435,0,0
BRDA:2847,435,1,0
BRDA:2897,436,0,0
BRDA:2897,436,1,0
BRDA:2907,437,0,0
BRDA:2907,437,1,0
BRDA:2907,438,0,0
BRDA:2907,438,1,0
BRDA:2907,438,2,0
BRDA:2911,439,0,0
BRDA:2911,439,1,0
BRDA:2911,440,0,0
BRDA:2911,440,1,0
BRDA:2911,440,2,0
BRDA:2919,441,0,0
BRDA:2919,441,1,0
BRDA:2919,442,0,0
BRDA:2919,442,1,0
BRDA:2919,442,2,0
BRDA:2937,443,0,0
BRDA:2937,443,1,0
BRDA:2937,444,0,0
BRDA:2937,444,1,0
BRDA:2937,444,2,0
BRDA:2946,445,0,0
BRDA:2946,445,1,0
BRDA:2946,446,0,0
BRDA:2946,446,1,0
BRDA:2946,446,2,0
BRDA:2956,447,0,0
BRDA:2956,447,1,0
BRDA:2960,448,0,0
BRDA:2960,448,1,0
BRDA:2960,449,0,0
BRDA:2960,449,1,0
BRDA:2993,450,0,0
BRDA:2993,450,1,0
BRDA:3002,451,0,0
BRDA:3002,451,1,0
BRDA:3002,452,0,0
BRDA:3002,452,1,0
BRDA:3035,453,0,0
BRDA:3035,453,1,0
BRDA:3044,454,0,0
BRDA:3044,454,1,0
BRDA:3044,455,0,0
BRDA:3044,455,1,0
BRDA:3059,456,0,0
BRDA:3059,456,1,0
BRDA:3063,457,0,0
BRDA:3063,457,1,0
BRDA:3063,458,0,0
BRDA:3063,458,1,0
BRDA:3069,459,0,0
BRDA:3069,459,1,0
BRDA:3076,460,0,0
BRDA:3076,460,1,0
BRF:961
BRH:0
end_of_record
TN:
SF:src/index.js
FNF:0
FNH:0
DA:7,0
DA:8,0
DA:17,0
LF:3
LH:0
BRF:0
BRH:0
end_of_record
TN:
SF:src/reportWebVitals.js
FN:1,(anonymous_0)
FN:3,(anonymous_1)
FNF:2
FNH:0
FNDA:0,(anonymous_0)
FNDA:0,(anonymous_1)
DA:1,0
DA:2,0
DA:3,0
DA:4,0
DA:5,0
DA:6,0
DA:7,0
DA:8,0
LF:8
LH:0
BRDA:2,0,0,0
BRDA:2,0,1,0
BRDA:2,1,0,0
BRDA:2,1,1,0
BRF:4
BRH:0
end_of_record
TN:
SF:src/components/AuthLanding.js
FN:4,AuthLanding
FN:17,(anonymous_1)
FN:41,(anonymous_2)
FNF:3
FNH:0
FNDA:0,AuthLanding
FNDA:0,(anonymous_1)
FNDA:0,(anonymous_2)
DA:5,0
DA:17,0
DA:41,0
LF:3
LH:0
BRF:0
BRH:0
end_of_record
TN:
SF:src/components/BettingSlip.js
FN:8,BettingSlip
FN:30,(anonymous_1)
FN:36,(anonymous_2)
FN:39,(anonymous_3)
FN:50,(anonymous_4)
FN:54,(anonymous_5)
FN:60,(anonymous_6)
FN:67,(anonymous_7)
FN:70,(anonymous_8)
FN:72,(anonymous_9)
FN:75,(anonymous_10)
FN:83,(anonymous_11)
FN:85,(anonymous_12)
FN:95,(anonymous_13)
FN:109,(anonymous_14)
FN:111,(anonymous_15)
FN:157,(anonymous_16)
FN:165,(anonymous_17)
FN:168,(anonymous_18)
FN:187,(anonymous_19)
FN:208,(anonymous_20)
FN:233,(anonymous_21)
FN:254,(anonymous_22)
FN:275,(anonymous_23)
FN:294,(anonymous_24)
FN:317,(anonymous_25)
FN:334,(anonymous_26)
FN:343,(anonymous_27)
FN:406,(anonymous_28)
FNF:29
FNH:0
FNDA:0,BettingSlip
FNDA:0,(anonymous_1)
FNDA:0,(anonymous_2)
FNDA:0,(anonymous_3)
FNDA:0,(anonymous_4)
FNDA:0,(anonymous_5)
FNDA:0,(anonymous_6)
FNDA:0,(anonymous_7)
FNDA:0,(anonymous_8)
FNDA:0,(anonymous_9)
FNDA:0,(anonymous_10)
FNDA:0,(anonymous_11)
FNDA:0,(anonymous_12)
FNDA:0,(anonymous_13)
FNDA:0,(anonymous_14)
FNDA:0,(anonymous_15)
FNDA:0,(anonymous_16)
FNDA:0,(anonymous_17)
FNDA:0,(anonymous_18)
FNDA:0,(anonymous_19)
FNDA:0,(anonymous_20)
FNDA:0,(anonymous_21)
FNDA:0,(anonymous_22)
FNDA:0,(anonymous_23)
FNDA:0,(anonymous_24)
FNDA:0,(anonymous_25)
FNDA:0,(anonymous_26)
FNDA:0,(anonymous_27)
FNDA:0,(anonymous_28)
DA:26,0
DA:27,0
DA:30,0
DA:31,0
DA:32,0
DA:36,0
DA:37,0
DA:39,0
DA:40,0
DA:42,0
DA:43,0
DA:49,0
DA:50,0
DA:54,0
DA:55,0
DA:59,0
DA:60,0
DA:61,0
DA:62,0
DA:63,0
DA:67,0
DA:70,0
DA:71,0
DA:72,0
DA:73,0
DA:74,0
DA:75,0
DA:76,0
DA:79,0
DA:83,0
DA:84,0
DA:85,0
DA:86,0
DA:87,0
DA:88,0
DA:91,0
DA:95,0
DA:96,0
DA:97,0
DA:99,0
DA:101,0
DA:104,0
DA:109,0
DA:110,0
DA:111,0
DA:112,0
DA:113,0
DA:116,0
DA:117,0
DA:118,0
DA:119,0
DA:121,0
DA:122,0
DA:123,0
DA:128,0
DA:129,0
DA:130,0
DA:132,0
DA:134,0
DA:135,0
DA:136,0
DA:141,0
DA:142,0
DA:143,0
DA:145,0
DA:147,0
DA:148,0
DA:149,0
DA:153,0
DA:157,0
DA:158,0
DA:161,0
DA:165,0
DA:166,0
DA:168,0
DA:169,0
DA:170,0
DA:172,0
DA:173,0
DA:176,0
DA:177,0
DA:178,0
DA:179,0
DA:181,0
DA:187,0
DA:208,0
DA:221,0
DA:222,0
DA:223,0
DA:224,0
DA:225,0
DA:227,0
DA:233,0
DA:254,0
DA:266,0
DA:267,0
DA:269,0
DA:275,0
DA:294,0
DA:307,0
DA:310,0
DA:311,0
DA:312,0
DA:313,0
DA:315,0
DA:317,0
DA:335,0
DA:336,0
DA:344,0
DA:345,0
DA:406,0
LF:111
LH:0
BRDA:27,0,0,0
BRDA:27,0,1,0
BRDA:31,1,0,0
BRDA:31,1,1,0
BRDA:37,2,0,0
BRDA:37,2,1,0
BRDA:42,3,0,0
BRDA:42,3,1,0
BRDA:42,4,0,0
BRDA:42,4,1,0
BRDA:55,5,0,0
BRDA:55,5,1,0
BRDA:61,6,0,0
BRDA:61,6,1,0
BRDA:62,7,0,0
BRDA:62,7,1,0
BRDA:63,8,0,0
BRDA:63,8,1,0
BRDA:72,9,0,0
BRDA:72,9,1,0
BRDA:73,10,0,0
BRDA:73,10,1,0
BRDA:73,11,0,0
BRDA:73,11,1,0
BRDA:75,12,0,0
BRDA:75,12,1,0
BRDA:76,13,0,0
BRDA:76,13,1,0
BRDA:85,14,0,0
BRDA:85,14,1,0
BRDA:87,15,0,0
BRDA:87,15,1,0
BRDA:87,16,0,0
BRDA:87,16,1,0
BRDA:97,17,0,0
BRDA:97,17,1,0
BRDA:97,18,0,0
BRDA:97,18,1,0
BRDA:99,19,0,0
BRDA:99,19,1,0
BRDA:113,20,0,0
BRDA:113,20,1,0
BRDA:116,21,0,0
BRDA:116,21,1,0
BRDA:118,22,0,0
BRDA:118,22,1,0
BRDA:119,23,0,0
BRDA:119,23,1,0
BRDA:121,24,0,0
BRDA:121,24,1,0
BRDA:121,25,0,0
BRDA:121,25,1,0
BRDA:128,26,0,0
BRDA:128,26,1,0
BRDA:130,27,0,0
BRDA:130,27,1,0
BRDA:132,28,0,0
BRDA:132,28,1,0
BRDA:132,29,0,0
BRDA:132,29,1,0
BRDA:132,30,0,0
BRDA:132,30,1,0
BRDA:134,31,0,0
BRDA:134,31,1,0
BRDA:141,32,0,0
BRDA:141,32,1,0
BRDA:143,33,0,0
BRDA:143,33,1,0
BRDA:147,34,0,0
BRDA:147,34,1,0
BRDA:161,35,0,0
BRDA:161,35,1,0
BRDA:170,36,0,0
BRDA:170,36,1,0
BRDA:173,37,0,0
BRDA:173,37,1,0
BRDA:176,38,0,0
BRDA:176,38,1,0
BRDA:177,39,0,0
BRDA:177,39,1,0
BRDA:178,40,0,0
BRDA:178,40,1,0
BRDA:196,41,0,0
BRDA:196,41,1,0
BRDA:199,42,0,0
BRDA:199,42,1,0
BRDA:207,43,0,0
BRDA:207,43,1,0
BRDA:221,44,0,0
BRDA:221,44,1,0
BRDA:222,45,0,0
BRDA:222,45,1,0
BRDA:223,46,0,0
BRDA:223,46,1,0
BRDA:224,47,0,0
BRDA:224,47,1,0
BRDA:242,48,0,0
BRDA:242,48,1,0
BRDA:242,49,0,0
BRDA:242,49,1,0
BRDA:245,50,0,0
BRDA:245,50,1,0
BRDA:253,51,0,0
BRDA:253,51,1,0
BRDA:266,52,0,0
BRDA:266,52,1,0
BRDA:272,53,0,0
BRDA:272,53,1,0
BRDA:285,54,0,0
BRDA:285,54,1,0
BRDA:293,55,0,0
BRDA:293,55,1,0
BRDA:310,56,0,0
BRDA:310,56,1,0
BRDA:316,57,0,0
BRDA:316,57,1,0
BRDA:321,58,0,0
BRDA:321,58,1,0
BRDA:324,59,0,0
BRDA:324,59,1,0
BRDA:328,60,0,0
BRDA:328,60,1,0
BRDA:333,61,0,0
BRDA:333,61,1,0
BRDA:336,62,0,0
BRDA:336,62,1,0
BRDA:342,63,0,0
BRDA:342,63,1,0
BRDA:345,64,0,0
BRDA:345,64,1,0
BRDA:354,65,0,0
BRDA:354,65,1,0
BRDA:367,66,0,0
BRDA:367,66,1,0
BRDA:369,67,0,0
BRDA:369,67,1,0
BRDA:394,68,0,0
BRDA:394,68,1,0
BRDA:405,69,0,0
BRDA:405,69,1,0
BRDA:406,70,0,0
BRDA:406,70,1,0
BRDA:410,71,0,0
BRDA:410,71,1,0
BRDA:410,71,2,0
BRDA:428,72,0,0
BRDA:428,72,1,0
BRDA:430,73,0,0
BRDA:430,73,1,0
BRDA:440,74,0,0
BRDA:440,74,1,0
BRDA:453,75,0,0
BRDA:453,75,1,0
BRF:153
BRH:0
end_of_record
TN:
SF:src/components/GridBettingLayout.js
FN:9,GridBettingLayout
FN:17,(anonymous_1)
FN:32,(anonymous_2)
FN:40,(anonymous_3)
FN:73,(anonymous_4)
FN:81,(anonymous_5)
FN:94,(anonymous_6)
FN:102,(anonymous_7)
FN:115,(anonymous_8)
FN:123,(anonymous_9)
FNF:10
FNH:0
FNDA:0,GridBettingLayout
FNDA:0,(anonymous_1)
FNDA:0,(anonymous_2)
FNDA:0,(anonymous_3)
FNDA:0,(anonymous_4)
FNDA:0,(anonymous_5)
FNDA:0,(anonymous_6)
FNDA:0,(anonymous_7)
FNDA:0,(anonymous_8)
FNDA:0,(anonymous_9)
DA:17,0
DA:18,0
DA:19,0
DA:21,0
DA:22,0
DA:23,0
DA:24,0
DA:25,0
DA:26,0
DA:28,0
DA:32,0
DA:33,0
DA:34,0
DA:37,0
DA:41,0
DA:73,0
DA:81,0
DA:94,0
DA:102,0
DA:115,0
DA:123,0
LF:21
LH:0
BRDA:19,0,0,0
BRDA:19,0,1,0
BRDA:21,1,0,0
BRDA:21,1,1,0
BRDA:23,2,0,0
BRDA:23,2,1,0
BRDA:25,3,0,0
BRDA:25,3,1,0
BRDA:33,4,0,0
BRDA:33,4,1,0
BRDA:39,5,0,0
BRDA:39,5,1,0
BRDA:39,6,0,0
BRDA:39,6,1,0
BRDA:41,7,0,0
BRDA:41,7,1,0
BRDA:46,8,0,0
BRDA:46,8,1,0
BRDA:50,9,0,0
BRDA:50,9,1,0
BRDA:60,10,0,0
BRDA:60,10,1,0
BRDA:64,11,0,0
BRDA:64,11,1,0
BRDA:72,12,0,0
BRDA:72,12,1,0
BRDA:72,13,0,0
BRDA:72,13,1,0
BRDA:73,14,0,0
BRDA:73,14,1,0
BRDA:74,15,0,0
BRDA:74,15,1,0
BRDA:80,16,0,0
BRDA:80,16,1,0
BRDA:80,17,0,0
BRDA:80,17,1,0
BRDA:81,18,0,0
BRDA:81,18,1,0
BRDA:82,19,0,0
BRDA:82,19,1,0
BRDA:93,20,0,0
BRDA:93,20,1,0
BRDA:93,21,0,0
BRDA:93,21,1,0
BRDA:94,22,0,0
BRDA:94,22,1,0
BRDA:95,23,0,0
BRDA:95,23,1,0
BRDA:101,24,0,0
BRDA:101,24,1,0
BRDA:101,25,0,0
BRDA:101,25,1,0
BRDA:102,26,0,0
BRDA:102,26,1,0
BRDA:103,27,0,0
BRDA:103,27,1,0
BRDA:114,28,0,0
BRDA:114,28,1,0
BRDA:114,29,0,0
BRDA:114,29,1,0
BRDA:115,30,0,0
BRDA:115,30,1,0
BRDA:116,31,0,0
BRDA:116,31,1,0
BRDA:122,32,0,0
BRDA:122,32,1,0
BRDA:122,33,0,0
BRDA:122,33,1,0
BRDA:123,34,0,0
BRDA:123,34,1,0
BRDA:124,35,0,0
BRDA:124,35,1,0
BRF:72
BRH:0
end_of_record
TN:
SF:src/components/PropBetsView.js
FN:7,PropBetsView
FN:20,(anonymous_1)
FN:21,(anonymous_2)
FN:25,(anonymous_3)
FN:31,(anonymous_4)
FN:77,(anonymous_5)
FN:81,(anonymous_6)
FN:102,(anonymous_7)
FN:107,(anonymous_8)
FN:117,(anonymous_9)
FN:124,(anonymous_10)
FNF:11
FNH:0
FNDA:0,PropBetsView
FNDA:0,(anonymous_1)
FNDA:0,(anonymous_2)
FNDA:0,(anonymous_3)
FNDA:0,(anonymous_4)
FNDA:0,(anonymous_5)
FNDA:0,(anonymous_6)
FNDA:0,(anonymous_7)
FNDA:0,(anonymous_8)
FNDA:0,(anonymous_9)
FNDA:0,(anonymous_10)
DA:15,0
DA:17,0
DA:20,0
DA:21,0
DA:25,0
DA:26,0
DA:27,0
DA:31,0
DA:32,0
DA:33,0
DA:36,0
DA:37,0
DA:50,0
DA:51,0
DA:64,0
DA:66,0
DA:78,0
DA:81,0
DA:103,0
DA:104,0
DA:105,0
DA:108,0
DA:118,0
DA:120,0
DA:124,0
LF:25
LH:0
BRDA:26,0,0,0
BRDA:26,0,1,0
BRDA:27,1,0,0
BRDA:27,1,1,0
BRDA:32,2,0,0
BRDA:32,2,1,0
BRDA:33,3,0,0
BRDA:33,3,1,0
BRDA:36,4,0,0
BRDA:36,4,1,0
BRDA:50,5,0,0
BRDA:50,5,1,0
BRDA:64,6,0,0
BRDA:64,6,1,0
BRDA:64,6,2,0
BRDA:80,7,0,0
BRDA:80,7,1,0
BRDA:85,8,0,0
BRDA:85,8,1,0
BRDA:93,9,0,0
BRDA:93,9,1,0
BRDA:103,10,0,0
BRDA:103,10,1,0
BRDA:123,11,0,0
BRDA:123,11,1,0
BRDA:128,12,0,0
BRDA:128,12,1,0
BRDA:132,13,0,0
BRDA:132,13,1,0
BRF:29
BRH:0
end_of_record
TN:
SF:src/components/SportsMenu.js
FN:8,SportsMenu
FN:27,(anonymous_1)
FN:37,(anonymous_2)
FN:46,(anonymous_3)
FN:55,(anonymous_4)
FNF:5
FNH:0
FNDA:0,SportsMenu
FNDA:0,(anonymous_1)
FNDA:0,(anonymous_2)
FNDA:0,(anonymous_3)
FNDA:0,(anonymous_4)
DA:14,0
DA:16,0
DA:27,0
DA:28,0
DA:29,0
DA:32,0
DA:37,0
DA:48,0
DA:49,0
DA:51,0
DA:55,0
LF:11
LH:0
BRDA:28,0,0,0
BRDA:28,0,1,0
BRDA:28,1,0,0
BRDA:28,1,1,0
BRDA:33,2,0,0
BRDA:33,2,1,0
BRDA:38,3,0,0
BRDA:38,3,1,0
BRDA:40,4,0,0
BRDA:40,4,1,0
BRDA:42,5,0,0
BRDA:42,5,1,0
BRDA:48,6,0,0
BRDA:48,6,1,0
BRDA:54,7,0,0
BRDA:54,7,1,0
BRDA:54,8,0,0
BRDA:54,8,1,0
BRDA:54,9,0,0
BRDA:54,9,1,0
BRDA:55,10,0,0
BRDA:55,10,1,0
BRDA:60,11,0,0
BRDA:60,11,1,0
BRDA:63,12,0,0
BRDA:63,12,1,0
BRDA:71,13,0,0
BRDA:71,13,1,0
BRDA:71,13,2,0
BRF:29
BRH:0
end_of_record
TN:
SF:src/components/UserManagement.js
FN:6,UserManagement
FN:21,(anonymous_1)
FN:24,(anonymous_2)
FN:27,(anonymous_3)
FN:39,(anonymous_4)
FN:42,(anonymous_5)
FN:106,(anonymous_6)
FN:120,(anonymous_7)
FN:169,(anonymous_8)
FN:179,(anonymous_9)
FN:189,(anonymous_10)
FN:200,(anonymous_11)
FN:224,(anonymous_12)
FN:257,(anonymous_13)
FN:264,(anonymous_14)
FNF:15
FNH:0
FNDA:0,UserManagement
FNDA:0,(anonymous_1)
FNDA:0,(anonymous_2)
FNDA:0,(anonymous_3)
FNDA:0,(anonymous_4)
FNDA:0,(anonymous_5)
FNDA:0,(anonymous_6)
FNDA:0,(anonymous_7)
FNDA:0,(anonymous_8)
FNDA:0,(anonymous_9)
FNDA:0,(anonymous_10)
FNDA:0,(anonymous_11)
FNDA:0,(anonymous_12)
FNDA:0,(anonymous_13)
FNDA:0,(anonymous_14)
DA:7,0
DA:8,0
DA:14,0
DA:15,0
DA:16,0
DA:18,0
DA:19,0
DA:21,0
DA:23,0
DA:24,0
DA:25,0
DA:26,0
DA:27,0
DA:28,0
DA:33,0
DA:35,0
DA:39,0
DA:42,0
DA:43,0
DA:44,0
DA:45,0
DA:46,0
DA:48,0
DA:50,0
DA:51,0
DA:54,0
DA:55,0
DA:59,0
DA:60,0
DA:61,0
DA:64,0
DA:68,0
DA:82,0
DA:84,0
DA:85,0
DA:88,0
DA:91,0
DA:99,0
DA:100,0
DA:102,0
DA:106,0
DA:107,0
DA:108,0
DA:111,0
DA:112,0
DA:113,0
DA:115,0
DA:116,0
DA:120,0
DA:121,0
DA:126,0
DA:128,0
DA:129,0
DA:130,0
DA:132,0
DA:133,0
DA:137,0
DA:169,0
DA:179,0
DA:189,0
DA:200,0
DA:225,0
DA:257,0
DA:264,0
LF:64
LH:0
BRDA:25,0,0,0
BRDA:25,0,1,0
BRDA:50,1,0,0
BRDA:50,1,1,0
BRDA:50,2,0,0
BRDA:50,2,1,0
BRDA:50,2,2,0
BRDA:54,3,0,0
BRDA:54,3,1,0
BRDA:60,4,0,0
BRDA:60,4,1,0
BRDA:78,5,0,0
BRDA:78,5,1,0
BRDA:84,6,0,0
BRDA:84,6,1,0
BRDA:84,7,0,0
BRDA:84,7,1,0
BRDA:85,8,0,0
BRDA:85,8,1,0
BRDA:107,9,0,0
BRDA:107,9,1,0
BRDA:126,10,0,0
BRDA:126,10,1,0
BRDA:126,11,0,0
BRDA:126,11,1,0
BRDA:147,12,0,0
BRDA:147,12,1,0
BRDA:153,13,0,0
BRDA:153,13,1,0
BRDA:212,14,0,0
BRDA:212,14,1,0
BRDA:220,15,0,0
BRDA:220,15,1,0
BRDA:247,16,0,0
BRDA:247,16,1,0
BRDA:247,17,0,0
BRDA:247,17,1,0
BRDA:257,18,0,0
BRDA:257,18,1,0
BRF:39
BRH:0
end_of_record
TN:
SF:src/services/stripe.js
FN:11,(anonymous_0)
FN:62,(anonymous_1)
FN:101,(anonymous_2)
FN:139,(anonymous_3)
FNF:4
FNH:0
FNDA:0,(anonymous_0)
FNDA:0,(anonymous_1)
FNDA:0,(anonymous_2)
FNDA:0,(anonymous_3)
DA:4,0
DA:5,0
DA:11,0
DA:12,0
DA:13,0
DA:15,0
DA:35,0
DA:36,0
DA:37,0
DA:40,0
DA:41,0
DA:43,0
DA:50,0
DA:51,0
DA:62,0
DA:63,0
DA:64,0
DA:66,0
DA:74,0
DA:75,0
DA:78,0
DA:80,0
DA:88,0
DA:89,0
DA:101,0
DA:102,0
DA:103,0
DA:105,0
DA:117,0
DA:118,0
DA:121,0
DA:123,0
DA:128,0
DA:129,0
DA:139,0
DA:140,0
DA:141,0
DA:148,0
DA:149,0
DA:152,0
DA:154,0
DA:159,0
DA:160,0
LF:43
LH:0
BRDA:4,0,0,0
BRDA:4,0,1,0
BRDA:5,1,0,0
BRDA:5,1,1,0
BRDA:35,2,0,0
BRDA:35,2,1,0
BRDA:37,3,0,0
BRDA:37,3,1,0
BRDA:74,4,0,0
BRDA:74,4,1,0
BRDA:82,5,0,0
BRDA:82,5,1,0
BRDA:117,6,0,0
BRDA:117,6,1,0
BRDA:148,7,0,0
BRDA:148,7,1,0
BRDA:156,8,0,0
BRDA:156,8,1,0
BRF:18
BRH:0
end_of_record
